2020-08-05 19:03:50.522  INFO 20856 --- [restartedMain] edu.scau.DemoApplication                 : Starting DemoApplication on LAPTOP-7RJ4E68N with PID 20856 (D:\yiban\SNLN\target\classes started by 14375 in D:\yiban\SNLN)
2020-08-05 19:03:50.528  INFO 20856 --- [restartedMain] edu.scau.DemoApplication                 : No active profile set, falling back to default profiles: default
2020-08-05 19:03:50.869  INFO 20856 --- [restartedMain] .e.DevToolsPropertyDefaultsPostProcessor : Devtools property defaults active! Set 'spring.devtools.add-properties' to 'false' to disable
2020-08-05 19:03:50.870  INFO 20856 --- [restartedMain] .e.DevToolsPropertyDefaultsPostProcessor : For additional web related logging consider setting the 'logging.level.web' property to 'DEBUG'
2020-08-05 19:03:54.504  INFO 20856 --- [restartedMain] trationDelegate$BeanPostProcessorChecker : Bean 'org.springframework.transaction.annotation.ProxyTransactionManagementConfiguration' of type [org.springframework.transaction.annotation.ProxyTransactionManagementConfiguration$$EnhancerBySpringCGLIB$$3e185e1c] is not eligible for getting processed by all BeanPostProcessors (for example: not eligible for auto-proxying)
2020-08-05 19:03:55.187  INFO 20856 --- [restartedMain] o.s.b.w.embedded.tomcat.TomcatWebServer  : Tomcat initialized with port(s): 8864 (http)
2020-08-05 19:03:55.208  INFO 20856 --- [restartedMain] o.apache.catalina.core.StandardService   : Starting service [Tomcat]
2020-08-05 19:03:55.208  INFO 20856 --- [restartedMain] org.apache.catalina.core.StandardEngine  : Starting Servlet engine: [Apache Tomcat/9.0.21]
2020-08-05 19:03:55.374  INFO 20856 --- [restartedMain] o.a.c.c.C.[Tomcat].[localhost].[/]       : Initializing Spring embedded WebApplicationContext
2020-08-05 19:03:55.374  INFO 20856 --- [restartedMain] o.s.web.context.ContextLoader            : Root WebApplicationContext: initialization completed in 4504 ms
2020-08-05 19:03:56.517  INFO 20856 --- [restartedMain] o.s.s.concurrent.ThreadPoolTaskExecutor  : Initializing ExecutorService
2020-08-05 19:03:56.519  INFO 20856 --- [restartedMain] o.s.s.concurrent.ThreadPoolTaskExecutor  : Initializing ExecutorService 'taskExecutor'
2020-08-05 19:03:56.546  INFO 20856 --- [restartedMain] pertySourcedRequestMappingHandlerMapping : Mapped URL path [/v2/api-docs] onto method [public org.springframework.http.ResponseEntity<springfox.documentation.spring.web.json.Json> springfox.documentation.swagger2.web.Swagger2Controller.getDocumentation(java.lang.String,javax.servlet.http.HttpServletRequest)]
2020-08-05 19:03:56.755  INFO 20856 --- [restartedMain] o.s.b.d.a.OptionalLiveReloadServer       : LiveReload server is running on port 35729
2020-08-05 19:03:57.088  INFO 20856 --- [restartedMain] d.s.w.p.DocumentationPluginsBootstrapper : Context refreshed
2020-08-05 19:03:57.118  INFO 20856 --- [restartedMain] d.s.w.p.DocumentationPluginsBootstrapper : Found 1 custom documentation plugin(s)
2020-08-05 19:03:57.155  INFO 20856 --- [restartedMain] s.d.s.w.s.ApiListingReferenceScanner     : Scanning for api listing references
2020-08-05 19:03:57.203  INFO 20856 --- [restartedMain] o.s.b.w.embedded.tomcat.TomcatWebServer  : Tomcat started on port(s): 8864 (http) with context path ''
2020-08-05 19:03:57.206  INFO 20856 --- [restartedMain] edu.scau.DemoApplication                 : Started DemoApplication in 7.752 seconds (JVM running for 10.633)
2020-08-05 19:04:30.093  INFO 20856 --- [Thread-19] o.s.s.concurrent.ThreadPoolTaskExecutor  : Shutting down ExecutorService 'taskExecutor'
2020-08-05 19:05:02.340  INFO 20856 --- [restartedMain] edu.scau.DemoApplication                 : Starting DemoApplication on LAPTOP-7RJ4E68N with PID 20856 (D:\yiban\SNLN\target\classes started by 14375 in D:\yiban\SNLN)
2020-08-05 19:05:02.341  INFO 20856 --- [restartedMain] edu.scau.DemoApplication                 : No active profile set, falling back to default profiles: default
2020-08-05 19:05:02.541  WARN 20856 --- [restartedMain] o.m.s.mapper.ClassPathMapperScanner      : No MyBatis mapper was found in '[edu.scau]' package. Please check your configuration.
2020-08-05 19:05:02.722  INFO 20856 --- [restartedMain] o.s.b.w.embedded.tomcat.TomcatWebServer  : Tomcat initialized with port(s): 8864 (http)
2020-08-05 19:05:02.723  INFO 20856 --- [restartedMain] o.apache.catalina.core.StandardService   : Starting service [Tomcat]
2020-08-05 19:05:02.723  INFO 20856 --- [restartedMain] org.apache.catalina.core.StandardEngine  : Starting Servlet engine: [Apache Tomcat/9.0.21]
2020-08-05 19:05:02.760  INFO 20856 --- [restartedMain] o.a.c.c.C.[Tomcat-1].[localhost].[/]     : Initializing Spring embedded WebApplicationContext
2020-08-05 19:05:02.760  INFO 20856 --- [restartedMain] o.s.web.context.ContextLoader            : Root WebApplicationContext: initialization completed in 417 ms
2020-08-05 19:05:02.806  INFO 20856 --- [restartedMain] o.s.s.concurrent.ThreadPoolTaskExecutor  : Initializing ExecutorService 'applicationTaskExecutor'
2020-08-05 19:05:02.898  INFO 20856 --- [restartedMain] o.s.b.d.a.OptionalLiveReloadServer       : LiveReload server is running on port 35729
2020-08-05 19:05:02.913  INFO 20856 --- [restartedMain] o.s.b.w.embedded.tomcat.TomcatWebServer  : Tomcat started on port(s): 8864 (http) with context path ''
2020-08-05 19:05:02.914  INFO 20856 --- [restartedMain] edu.scau.DemoApplication                 : Started DemoApplication in 0.6 seconds (JVM running for 76.342)
2020-08-05 19:05:02.917  INFO 20856 --- [restartedMain] .ConditionEvaluationDeltaLoggingListener : Condition evaluation delta:


==========================
CONDITION EVALUATION DELTA
==========================


Positive matches:
-----------------

   MultipartAutoConfiguration#multipartConfigElement matched:
      - @ConditionalOnMissingBean (types: javax.servlet.MultipartConfigElement,org.springframework.web.multipart.commons.CommonsMultipartResolver; SearchStrategy: all) did not find any beans (OnBeanCondition)

   TaskExecutionAutoConfiguration#applicationTaskExecutor matched:
      - @ConditionalOnMissingBean (types: java.util.concurrent.Executor; SearchStrategy: all) did not find any beans (OnBeanCondition)


Negative matches:
-----------------

    None


Exclusions:
-----------

    None


Unconditional classes:
----------------------

    None



2020-08-05 19:05:08.781  INFO 20856 --- [Thread-29] o.s.s.concurrent.ThreadPoolTaskExecutor  : Shutting down ExecutorService 'applicationTaskExecutor'
2020-08-05 19:05:09.914  INFO 20856 --- [restartedMain] edu.scau.DemoApplication                 : Starting DemoApplication on LAPTOP-7RJ4E68N with PID 20856 (D:\yiban\SNLN\target\classes started by 14375 in D:\yiban\SNLN)
2020-08-05 19:05:09.915  INFO 20856 --- [restartedMain] edu.scau.DemoApplication                 : No active profile set, falling back to default profiles: default
2020-08-05 19:05:10.386  INFO 20856 --- [restartedMain] trationDelegate$BeanPostProcessorChecker : Bean 'org.springframework.transaction.annotation.ProxyTransactionManagementConfiguration' of type [org.springframework.transaction.annotation.ProxyTransactionManagementConfiguration$$EnhancerBySpringCGLIB$$3e185e1c] is not eligible for getting processed by all BeanPostProcessors (for example: not eligible for auto-proxying)
2020-08-05 19:05:10.565  INFO 20856 --- [restartedMain] o.s.b.w.embedded.tomcat.TomcatWebServer  : Tomcat initialized with port(s): 8864 (http)
2020-08-05 19:05:10.565  INFO 20856 --- [restartedMain] o.apache.catalina.core.StandardService   : Starting service [Tomcat]
2020-08-05 19:05:10.565  INFO 20856 --- [restartedMain] org.apache.catalina.core.StandardEngine  : Starting Servlet engine: [Apache Tomcat/9.0.21]
2020-08-05 19:05:10.617  INFO 20856 --- [restartedMain] o.a.c.c.C.[Tomcat-1].[localhost].[/]     : Initializing Spring embedded WebApplicationContext
2020-08-05 19:05:10.617  INFO 20856 --- [restartedMain] o.s.web.context.ContextLoader            : Root WebApplicationContext: initialization completed in 701 ms
2020-08-05 19:05:10.864  INFO 20856 --- [restartedMain] o.s.s.concurrent.ThreadPoolTaskExecutor  : Initializing ExecutorService
2020-08-05 19:05:10.864  INFO 20856 --- [restartedMain] o.s.s.concurrent.ThreadPoolTaskExecutor  : Initializing ExecutorService 'taskExecutor'
2020-08-05 19:05:10.870  INFO 20856 --- [restartedMain] pertySourcedRequestMappingHandlerMapping : Mapped URL path [/v2/api-docs] onto method [public org.springframework.http.ResponseEntity<springfox.documentation.spring.web.json.Json> springfox.documentation.swagger2.web.Swagger2Controller.getDocumentation(java.lang.String,javax.servlet.http.HttpServletRequest)]
2020-08-05 19:05:10.922  INFO 20856 --- [restartedMain] o.s.b.d.a.OptionalLiveReloadServer       : LiveReload server is running on port 35729
2020-08-05 19:05:11.025  INFO 20856 --- [restartedMain] d.s.w.p.DocumentationPluginsBootstrapper : Context refreshed
2020-08-05 19:05:11.026  INFO 20856 --- [restartedMain] d.s.w.p.DocumentationPluginsBootstrapper : Found 1 custom documentation plugin(s)
2020-08-05 19:05:11.029  INFO 20856 --- [restartedMain] s.d.s.w.s.ApiListingReferenceScanner     : Scanning for api listing references
2020-08-05 19:05:11.036  INFO 20856 --- [restartedMain] o.s.b.w.embedded.tomcat.TomcatWebServer  : Tomcat started on port(s): 8864 (http) with context path ''
2020-08-05 19:05:11.036  INFO 20856 --- [restartedMain] edu.scau.DemoApplication                 : Started DemoApplication in 1.15 seconds (JVM running for 84.464)
2020-08-05 19:05:11.039  INFO 20856 --- [restartedMain] .ConditionEvaluationDeltaLoggingListener : Condition evaluation delta:


==========================
CONDITION EVALUATION DELTA
==========================


Positive matches:
-----------------

   Swagger2DocumentationConfiguration matched:
      - @ConditionalOnWebApplication (required) found 'session' scope (OnWebApplicationCondition)


Negative matches:
-----------------

   MultipartAutoConfiguration#multipartConfigElement:
      Did not match:
         - @ConditionalOnMissingBean (types: javax.servlet.MultipartConfigElement,org.springframework.web.multipart.commons.CommonsMultipartResolver; SearchStrategy: all) found beans of type 'javax.servlet.MultipartConfigElement' multipartConfigElement (OnBeanCondition)

   TaskExecutionAutoConfiguration#applicationTaskExecutor:
      Did not match:
         - @ConditionalOnMissingBean (types: java.util.concurrent.Executor; SearchStrategy: all) found beans of type 'java.util.concurrent.Executor' taskExecutor (OnBeanCondition)


Exclusions:
-----------

    None


Unconditional classes:
----------------------

    None



2020-08-05 19:05:19.429  INFO 1360 --- [main] edu.scau.AppTest                         : Starting AppTest on LAPTOP-7RJ4E68N with PID 1360 (started by 14375 in D:\yiban\SNLN)
2020-08-05 19:05:19.430  INFO 1360 --- [main] edu.scau.AppTest                         : No active profile set, falling back to default profiles: default
2020-08-05 19:05:21.065  INFO 1360 --- [main] trationDelegate$BeanPostProcessorChecker : Bean 'org.springframework.transaction.annotation.ProxyTransactionManagementConfiguration' of type [org.springframework.transaction.annotation.ProxyTransactionManagementConfiguration$$EnhancerBySpringCGLIB$$72e82444] is not eligible for getting processed by all BeanPostProcessors (for example: not eligible for auto-proxying)
2020-08-05 19:05:22.412  INFO 1360 --- [main] o.s.s.concurrent.ThreadPoolTaskExecutor  : Initializing ExecutorService
2020-08-05 19:05:22.422  INFO 1360 --- [main] o.s.s.concurrent.ThreadPoolTaskExecutor  : Initializing ExecutorService 'taskExecutor'
2020-08-05 19:05:22.485  INFO 1360 --- [main] pertySourcedRequestMappingHandlerMapping : Mapped URL path [/v2/api-docs] onto method [public org.springframework.http.ResponseEntity<springfox.documentation.spring.web.json.Json> springfox.documentation.swagger2.web.Swagger2Controller.getDocumentation(java.lang.String,javax.servlet.http.HttpServletRequest)]
2020-08-05 19:05:23.427  INFO 1360 --- [main] d.s.w.p.DocumentationPluginsBootstrapper : Context refreshed
2020-08-05 19:05:23.467  INFO 1360 --- [main] d.s.w.p.DocumentationPluginsBootstrapper : Found 1 custom documentation plugin(s)
2020-08-05 19:05:23.502  INFO 1360 --- [main] s.d.s.w.s.ApiListingReferenceScanner     : Scanning for api listing references
2020-08-05 19:05:23.531  INFO 1360 --- [main] edu.scau.AppTest                         : Started AppTest in 4.537 seconds (JVM running for 5.519)
2020-08-05 19:05:24.091  INFO 1360 --- [main] com.alibaba.druid.pool.DruidDataSource   : {dataSource-1} inited
2020-08-05 19:05:24.784  INFO 1360 --- [Thread-3] o.s.s.concurrent.ThreadPoolTaskExecutor  : Shutting down ExecutorService 'taskExecutor'
2020-08-05 19:05:24.810  INFO 1360 --- [Thread-3] com.alibaba.druid.pool.DruidDataSource   : {dataSource-1} closed
2020-08-05 19:09:32.284  INFO 20856 --- [Thread-38] o.s.s.concurrent.ThreadPoolTaskExecutor  : Shutting down ExecutorService 'taskExecutor'
2020-08-05 19:09:33.815  INFO 20856 --- [restartedMain] edu.scau.DemoApplication                 : Starting DemoApplication on LAPTOP-7RJ4E68N with PID 20856 (D:\yiban\SNLN\target\classes started by 14375 in D:\yiban\SNLN)
2020-08-05 19:09:33.815  INFO 20856 --- [restartedMain] edu.scau.DemoApplication                 : No active profile set, falling back to default profiles: default
2020-08-05 19:09:34.448  INFO 20856 --- [restartedMain] trationDelegate$BeanPostProcessorChecker : Bean 'org.springframework.transaction.annotation.ProxyTransactionManagementConfiguration' of type [org.springframework.transaction.annotation.ProxyTransactionManagementConfiguration$$EnhancerBySpringCGLIB$$3e185e1c] is not eligible for getting processed by all BeanPostProcessors (for example: not eligible for auto-proxying)
2020-08-05 19:09:34.632  INFO 20856 --- [restartedMain] o.s.b.w.embedded.tomcat.TomcatWebServer  : Tomcat initialized with port(s): 8864 (http)
2020-08-05 19:09:34.634  INFO 20856 --- [restartedMain] o.apache.catalina.core.StandardService   : Starting service [Tomcat]
2020-08-05 19:09:34.634  INFO 20856 --- [restartedMain] org.apache.catalina.core.StandardEngine  : Starting Servlet engine: [Apache Tomcat/9.0.21]
2020-08-05 19:09:34.677  INFO 20856 --- [restartedMain] o.a.c.c.C.[Tomcat-1].[localhost].[/]     : Initializing Spring embedded WebApplicationContext
2020-08-05 19:09:34.677  INFO 20856 --- [restartedMain] o.s.web.context.ContextLoader            : Root WebApplicationContext: initialization completed in 859 ms
2020-08-05 19:09:35.059  INFO 20856 --- [restartedMain] o.s.s.concurrent.ThreadPoolTaskExecutor  : Initializing ExecutorService
2020-08-05 19:09:35.059  INFO 20856 --- [restartedMain] o.s.s.concurrent.ThreadPoolTaskExecutor  : Initializing ExecutorService 'taskExecutor'
2020-08-05 19:09:35.070  INFO 20856 --- [restartedMain] pertySourcedRequestMappingHandlerMapping : Mapped URL path [/v2/api-docs] onto method [public org.springframework.http.ResponseEntity<springfox.documentation.spring.web.json.Json> springfox.documentation.swagger2.web.Swagger2Controller.getDocumentation(java.lang.String,javax.servlet.http.HttpServletRequest)]
2020-08-05 19:09:35.148  INFO 20856 --- [restartedMain] o.s.b.d.a.OptionalLiveReloadServer       : LiveReload server is running on port 35729
2020-08-05 19:09:35.288  INFO 20856 --- [restartedMain] d.s.w.p.DocumentationPluginsBootstrapper : Context refreshed
2020-08-05 19:09:35.289  INFO 20856 --- [restartedMain] d.s.w.p.DocumentationPluginsBootstrapper : Found 1 custom documentation plugin(s)
2020-08-05 19:09:35.295  INFO 20856 --- [restartedMain] s.d.s.w.s.ApiListingReferenceScanner     : Scanning for api listing references
2020-08-05 19:09:35.304  INFO 20856 --- [restartedMain] o.s.b.w.embedded.tomcat.TomcatWebServer  : Tomcat started on port(s): 8864 (http) with context path ''
2020-08-05 19:09:35.305  INFO 20856 --- [restartedMain] edu.scau.DemoApplication                 : Started DemoApplication in 1.516 seconds (JVM running for 346.873)
2020-08-05 19:09:35.306  INFO 20856 --- [restartedMain] .ConditionEvaluationDeltaLoggingListener : Condition evaluation unchanged
2020-08-05 19:09:42.839  INFO 20856 --- [Thread-44] o.s.s.concurrent.ThreadPoolTaskExecutor  : Shutting down ExecutorService 'taskExecutor'
2020-08-05 19:09:43.800  INFO 20856 --- [restartedMain] edu.scau.DemoApplication                 : Starting DemoApplication on LAPTOP-7RJ4E68N with PID 20856 (D:\yiban\SNLN\target\classes started by 14375 in D:\yiban\SNLN)
2020-08-05 19:09:43.801  INFO 20856 --- [restartedMain] edu.scau.DemoApplication                 : No active profile set, falling back to default profiles: default
2020-08-05 19:09:44.209  INFO 20856 --- [restartedMain] trationDelegate$BeanPostProcessorChecker : Bean 'org.springframework.transaction.annotation.ProxyTransactionManagementConfiguration' of type [org.springframework.transaction.annotation.ProxyTransactionManagementConfiguration$$EnhancerBySpringCGLIB$$3e185e1c] is not eligible for getting processed by all BeanPostProcessors (for example: not eligible for auto-proxying)
2020-08-05 19:09:44.361  INFO 20856 --- [restartedMain] o.s.b.w.embedded.tomcat.TomcatWebServer  : Tomcat initialized with port(s): 8864 (http)
2020-08-05 19:09:44.361  INFO 20856 --- [restartedMain] o.apache.catalina.core.StandardService   : Starting service [Tomcat]
2020-08-05 19:09:44.361  INFO 20856 --- [restartedMain] org.apache.catalina.core.StandardEngine  : Starting Servlet engine: [Apache Tomcat/9.0.21]
2020-08-05 19:09:44.394  INFO 20856 --- [restartedMain] o.a.c.c.C.[Tomcat-1].[localhost].[/]     : Initializing Spring embedded WebApplicationContext
2020-08-05 19:09:44.395  INFO 20856 --- [restartedMain] o.s.web.context.ContextLoader            : Root WebApplicationContext: initialization completed in 593 ms
2020-08-05 19:09:44.605  INFO 20856 --- [restartedMain] o.s.s.concurrent.ThreadPoolTaskExecutor  : Initializing ExecutorService
2020-08-05 19:09:44.605  INFO 20856 --- [restartedMain] o.s.s.concurrent.ThreadPoolTaskExecutor  : Initializing ExecutorService 'taskExecutor'
2020-08-05 19:09:44.611  INFO 20856 --- [restartedMain] pertySourcedRequestMappingHandlerMapping : Mapped URL path [/v2/api-docs] onto method [public org.springframework.http.ResponseEntity<springfox.documentation.spring.web.json.Json> springfox.documentation.swagger2.web.Swagger2Controller.getDocumentation(java.lang.String,javax.servlet.http.HttpServletRequest)]
2020-08-05 19:09:44.655  INFO 20856 --- [restartedMain] o.s.b.d.a.OptionalLiveReloadServer       : LiveReload server is running on port 35729
2020-08-05 19:09:44.738  INFO 20856 --- [restartedMain] d.s.w.p.DocumentationPluginsBootstrapper : Context refreshed
2020-08-05 19:09:44.739  INFO 20856 --- [restartedMain] d.s.w.p.DocumentationPluginsBootstrapper : Found 1 custom documentation plugin(s)
2020-08-05 19:09:44.742  INFO 20856 --- [restartedMain] s.d.s.w.s.ApiListingReferenceScanner     : Scanning for api listing references
2020-08-05 19:09:44.751  INFO 20856 --- [restartedMain] o.s.b.w.embedded.tomcat.TomcatWebServer  : Tomcat started on port(s): 8864 (http) with context path ''
2020-08-05 19:09:44.752  INFO 20856 --- [restartedMain] edu.scau.DemoApplication                 : Started DemoApplication in 0.971 seconds (JVM running for 356.32)
2020-08-05 19:09:44.754  INFO 20856 --- [restartedMain] .ConditionEvaluationDeltaLoggingListener : Condition evaluation unchanged
2020-08-05 19:09:46.172  INFO 20856 --- [Thread-50] o.s.s.concurrent.ThreadPoolTaskExecutor  : Shutting down ExecutorService 'taskExecutor'
2020-08-05 19:09:47.085  INFO 20856 --- [restartedMain] edu.scau.DemoApplication                 : Starting DemoApplication on LAPTOP-7RJ4E68N with PID 20856 (D:\yiban\SNLN\target\classes started by 14375 in D:\yiban\SNLN)
2020-08-05 19:09:47.085  INFO 20856 --- [restartedMain] edu.scau.DemoApplication                 : No active profile set, falling back to default profiles: default
2020-08-05 19:09:47.500  INFO 20856 --- [restartedMain] trationDelegate$BeanPostProcessorChecker : Bean 'org.springframework.transaction.annotation.ProxyTransactionManagementConfiguration' of type [org.springframework.transaction.annotation.ProxyTransactionManagementConfiguration$$EnhancerBySpringCGLIB$$3e185e1c] is not eligible for getting processed by all BeanPostProcessors (for example: not eligible for auto-proxying)
2020-08-05 19:09:47.645  INFO 20856 --- [restartedMain] o.s.b.w.embedded.tomcat.TomcatWebServer  : Tomcat initialized with port(s): 8864 (http)
2020-08-05 19:09:47.645  INFO 20856 --- [restartedMain] o.apache.catalina.core.StandardService   : Starting service [Tomcat]
2020-08-05 19:09:47.645  INFO 20856 --- [restartedMain] org.apache.catalina.core.StandardEngine  : Starting Servlet engine: [Apache Tomcat/9.0.21]
2020-08-05 19:09:47.679  INFO 20856 --- [restartedMain] o.a.c.c.C.[Tomcat-1].[localhost].[/]     : Initializing Spring embedded WebApplicationContext
2020-08-05 19:09:47.679  INFO 20856 --- [restartedMain] o.s.web.context.ContextLoader            : Root WebApplicationContext: initialization completed in 592 ms
2020-08-05 19:09:47.886  INFO 20856 --- [restartedMain] o.s.s.concurrent.ThreadPoolTaskExecutor  : Initializing ExecutorService
2020-08-05 19:09:47.887  INFO 20856 --- [restartedMain] o.s.s.concurrent.ThreadPoolTaskExecutor  : Initializing ExecutorService 'taskExecutor'
2020-08-05 19:09:47.893  INFO 20856 --- [restartedMain] pertySourcedRequestMappingHandlerMapping : Mapped URL path [/v2/api-docs] onto method [public org.springframework.http.ResponseEntity<springfox.documentation.spring.web.json.Json> springfox.documentation.swagger2.web.Swagger2Controller.getDocumentation(java.lang.String,javax.servlet.http.HttpServletRequest)]
2020-08-05 19:09:47.938  INFO 20856 --- [restartedMain] o.s.b.d.a.OptionalLiveReloadServer       : LiveReload server is running on port 35729
2020-08-05 19:09:48.024  INFO 20856 --- [restartedMain] d.s.w.p.DocumentationPluginsBootstrapper : Context refreshed
2020-08-05 19:09:48.025  INFO 20856 --- [restartedMain] d.s.w.p.DocumentationPluginsBootstrapper : Found 1 custom documentation plugin(s)
2020-08-05 19:09:48.028  INFO 20856 --- [restartedMain] s.d.s.w.s.ApiListingReferenceScanner     : Scanning for api listing references
2020-08-05 19:09:48.034  INFO 20856 --- [restartedMain] o.s.b.w.embedded.tomcat.TomcatWebServer  : Tomcat started on port(s): 8864 (http) with context path ''
2020-08-05 19:09:48.034  INFO 20856 --- [restartedMain] edu.scau.DemoApplication                 : Started DemoApplication in 0.966 seconds (JVM running for 359.602)
2020-08-05 19:09:48.036  INFO 20856 --- [restartedMain] .ConditionEvaluationDeltaLoggingListener : Condition evaluation unchanged
2020-08-05 19:09:57.599  INFO 20856 --- [Thread-56] o.s.s.concurrent.ThreadPoolTaskExecutor  : Shutting down ExecutorService 'taskExecutor'
2020-08-05 19:09:58.672  INFO 20856 --- [restartedMain] edu.scau.DemoApplication                 : Starting DemoApplication on LAPTOP-7RJ4E68N with PID 20856 (D:\yiban\SNLN\target\classes started by 14375 in D:\yiban\SNLN)
2020-08-05 19:09:58.673  INFO 20856 --- [restartedMain] edu.scau.DemoApplication                 : No active profile set, falling back to default profiles: default
2020-08-05 19:09:59.124  INFO 20856 --- [restartedMain] trationDelegate$BeanPostProcessorChecker : Bean 'org.springframework.transaction.annotation.ProxyTransactionManagementConfiguration' of type [org.springframework.transaction.annotation.ProxyTransactionManagementConfiguration$$EnhancerBySpringCGLIB$$3e185e1c] is not eligible for getting processed by all BeanPostProcessors (for example: not eligible for auto-proxying)
2020-08-05 19:09:59.280  INFO 20856 --- [restartedMain] o.s.b.w.embedded.tomcat.TomcatWebServer  : Tomcat initialized with port(s): 8864 (http)
2020-08-05 19:09:59.281  INFO 20856 --- [restartedMain] o.apache.catalina.core.StandardService   : Starting service [Tomcat]
2020-08-05 19:09:59.281  INFO 20856 --- [restartedMain] org.apache.catalina.core.StandardEngine  : Starting Servlet engine: [Apache Tomcat/9.0.21]
2020-08-05 19:09:59.318  INFO 20856 --- [restartedMain] o.a.c.c.C.[Tomcat-1].[localhost].[/]     : Initializing Spring embedded WebApplicationContext
2020-08-05 19:09:59.318  INFO 20856 --- [restartedMain] o.s.web.context.ContextLoader            : Root WebApplicationContext: initialization completed in 644 ms
2020-08-05 19:09:59.565  INFO 20856 --- [restartedMain] o.s.s.concurrent.ThreadPoolTaskExecutor  : Initializing ExecutorService
2020-08-05 19:09:59.565  INFO 20856 --- [restartedMain] o.s.s.concurrent.ThreadPoolTaskExecutor  : Initializing ExecutorService 'taskExecutor'
2020-08-05 19:09:59.571  INFO 20856 --- [restartedMain] pertySourcedRequestMappingHandlerMapping : Mapped URL path [/v2/api-docs] onto method [public org.springframework.http.ResponseEntity<springfox.documentation.spring.web.json.Json> springfox.documentation.swagger2.web.Swagger2Controller.getDocumentation(java.lang.String,javax.servlet.http.HttpServletRequest)]
2020-08-05 19:09:59.618  INFO 20856 --- [restartedMain] o.s.b.d.a.OptionalLiveReloadServer       : LiveReload server is running on port 35729
2020-08-05 19:09:59.703  INFO 20856 --- [restartedMain] d.s.w.p.DocumentationPluginsBootstrapper : Context refreshed
2020-08-05 19:09:59.703  INFO 20856 --- [restartedMain] d.s.w.p.DocumentationPluginsBootstrapper : Found 1 custom documentation plugin(s)
2020-08-05 19:09:59.707  INFO 20856 --- [restartedMain] s.d.s.w.s.ApiListingReferenceScanner     : Scanning for api listing references
2020-08-05 19:09:59.713  INFO 20856 --- [restartedMain] o.s.b.w.embedded.tomcat.TomcatWebServer  : Tomcat started on port(s): 8864 (http) with context path ''
2020-08-05 19:09:59.713  INFO 20856 --- [restartedMain] edu.scau.DemoApplication                 : Started DemoApplication in 1.059 seconds (JVM running for 371.281)
2020-08-05 19:09:59.715  INFO 20856 --- [restartedMain] .ConditionEvaluationDeltaLoggingListener : Condition evaluation unchanged
2020-08-05 19:10:01.137  INFO 20856 --- [Thread-62] o.s.s.concurrent.ThreadPoolTaskExecutor  : Shutting down ExecutorService 'taskExecutor'
2020-08-05 19:10:02.146  INFO 20856 --- [restartedMain] edu.scau.DemoApplication                 : Starting DemoApplication on LAPTOP-7RJ4E68N with PID 20856 (D:\yiban\SNLN\target\classes started by 14375 in D:\yiban\SNLN)
2020-08-05 19:10:02.147  INFO 20856 --- [restartedMain] edu.scau.DemoApplication                 : No active profile set, falling back to default profiles: default
2020-08-05 19:10:02.575  INFO 20856 --- [restartedMain] trationDelegate$BeanPostProcessorChecker : Bean 'org.springframework.transaction.annotation.ProxyTransactionManagementConfiguration' of type [org.springframework.transaction.annotation.ProxyTransactionManagementConfiguration$$EnhancerBySpringCGLIB$$3e185e1c] is not eligible for getting processed by all BeanPostProcessors (for example: not eligible for auto-proxying)
2020-08-05 19:10:02.729  INFO 20856 --- [restartedMain] o.s.b.w.embedded.tomcat.TomcatWebServer  : Tomcat initialized with port(s): 8864 (http)
2020-08-05 19:10:02.730  INFO 20856 --- [restartedMain] o.apache.catalina.core.StandardService   : Starting service [Tomcat]
2020-08-05 19:10:02.730  INFO 20856 --- [restartedMain] org.apache.catalina.core.StandardEngine  : Starting Servlet engine: [Apache Tomcat/9.0.21]
2020-08-05 19:10:02.769  INFO 20856 --- [restartedMain] o.a.c.c.C.[Tomcat-1].[localhost].[/]     : Initializing Spring embedded WebApplicationContext
2020-08-05 19:10:02.769  INFO 20856 --- [restartedMain] o.s.web.context.ContextLoader            : Root WebApplicationContext: initialization completed in 621 ms
2020-08-05 19:10:03.015  INFO 20856 --- [restartedMain] o.s.s.concurrent.ThreadPoolTaskExecutor  : Initializing ExecutorService
2020-08-05 19:10:03.016  INFO 20856 --- [restartedMain] o.s.s.concurrent.ThreadPoolTaskExecutor  : Initializing ExecutorService 'taskExecutor'
2020-08-05 19:10:03.022  INFO 20856 --- [restartedMain] pertySourcedRequestMappingHandlerMapping : Mapped URL path [/v2/api-docs] onto method [public org.springframework.http.ResponseEntity<springfox.documentation.spring.web.json.Json> springfox.documentation.swagger2.web.Swagger2Controller.getDocumentation(java.lang.String,javax.servlet.http.HttpServletRequest)]
2020-08-05 19:10:03.077  INFO 20856 --- [restartedMain] o.s.b.d.a.OptionalLiveReloadServer       : LiveReload server is running on port 35729
2020-08-05 19:10:03.165  INFO 20856 --- [restartedMain] d.s.w.p.DocumentationPluginsBootstrapper : Context refreshed
2020-08-05 19:10:03.166  INFO 20856 --- [restartedMain] d.s.w.p.DocumentationPluginsBootstrapper : Found 1 custom documentation plugin(s)
2020-08-05 19:10:03.170  INFO 20856 --- [restartedMain] s.d.s.w.s.ApiListingReferenceScanner     : Scanning for api listing references
2020-08-05 19:10:03.176  INFO 20856 --- [restartedMain] o.s.b.w.embedded.tomcat.TomcatWebServer  : Tomcat started on port(s): 8864 (http) with context path ''
2020-08-05 19:10:03.177  INFO 20856 --- [restartedMain] edu.scau.DemoApplication                 : Started DemoApplication in 1.052 seconds (JVM running for 374.745)
2020-08-05 19:10:03.179  INFO 20856 --- [restartedMain] .ConditionEvaluationDeltaLoggingListener : Condition evaluation unchanged
2020-08-05 19:10:05.615  INFO 20856 --- [Thread-68] o.s.s.concurrent.ThreadPoolTaskExecutor  : Shutting down ExecutorService 'taskExecutor'
2020-08-05 19:10:06.582  INFO 20856 --- [restartedMain] edu.scau.DemoApplication                 : Starting DemoApplication on LAPTOP-7RJ4E68N with PID 20856 (D:\yiban\SNLN\target\classes started by 14375 in D:\yiban\SNLN)
2020-08-05 19:10:06.582  INFO 20856 --- [restartedMain] edu.scau.DemoApplication                 : No active profile set, falling back to default profiles: default
2020-08-05 19:10:06.994  INFO 20856 --- [restartedMain] trationDelegate$BeanPostProcessorChecker : Bean 'org.springframework.transaction.annotation.ProxyTransactionManagementConfiguration' of type [org.springframework.transaction.annotation.ProxyTransactionManagementConfiguration$$EnhancerBySpringCGLIB$$3e185e1c] is not eligible for getting processed by all BeanPostProcessors (for example: not eligible for auto-proxying)
2020-08-05 19:10:07.137  INFO 20856 --- [restartedMain] o.s.b.w.embedded.tomcat.TomcatWebServer  : Tomcat initialized with port(s): 8864 (http)
2020-08-05 19:10:07.138  INFO 20856 --- [restartedMain] o.apache.catalina.core.StandardService   : Starting service [Tomcat]
2020-08-05 19:10:07.138  INFO 20856 --- [restartedMain] org.apache.catalina.core.StandardEngine  : Starting Servlet engine: [Apache Tomcat/9.0.21]
2020-08-05 19:10:07.173  INFO 20856 --- [restartedMain] o.a.c.c.C.[Tomcat-1].[localhost].[/]     : Initializing Spring embedded WebApplicationContext
2020-08-05 19:10:07.173  INFO 20856 --- [restartedMain] o.s.web.context.ContextLoader            : Root WebApplicationContext: initialization completed in 589 ms
2020-08-05 19:10:07.392  INFO 20856 --- [restartedMain] o.s.s.concurrent.ThreadPoolTaskExecutor  : Initializing ExecutorService
2020-08-05 19:10:07.392  INFO 20856 --- [restartedMain] o.s.s.concurrent.ThreadPoolTaskExecutor  : Initializing ExecutorService 'taskExecutor'
2020-08-05 19:10:07.398  INFO 20856 --- [restartedMain] pertySourcedRequestMappingHandlerMapping : Mapped URL path [/v2/api-docs] onto method [public org.springframework.http.ResponseEntity<springfox.documentation.spring.web.json.Json> springfox.documentation.swagger2.web.Swagger2Controller.getDocumentation(java.lang.String,javax.servlet.http.HttpServletRequest)]
2020-08-05 19:10:07.445  INFO 20856 --- [restartedMain] o.s.b.d.a.OptionalLiveReloadServer       : LiveReload server is running on port 35729
2020-08-05 19:10:07.539  INFO 20856 --- [restartedMain] d.s.w.p.DocumentationPluginsBootstrapper : Context refreshed
2020-08-05 19:10:07.540  INFO 20856 --- [restartedMain] d.s.w.p.DocumentationPluginsBootstrapper : Found 1 custom documentation plugin(s)
2020-08-05 19:10:07.543  INFO 20856 --- [restartedMain] s.d.s.w.s.ApiListingReferenceScanner     : Scanning for api listing references
2020-08-05 19:10:07.550  INFO 20856 --- [restartedMain] o.s.b.w.embedded.tomcat.TomcatWebServer  : Tomcat started on port(s): 8864 (http) with context path ''
2020-08-05 19:10:07.550  INFO 20856 --- [restartedMain] edu.scau.DemoApplication                 : Started DemoApplication in 0.985 seconds (JVM running for 379.118)
2020-08-05 19:10:07.552  INFO 20856 --- [restartedMain] .ConditionEvaluationDeltaLoggingListener : Condition evaluation unchanged
2020-08-05 19:10:17.111  INFO 20856 --- [Thread-74] o.s.s.concurrent.ThreadPoolTaskExecutor  : Shutting down ExecutorService 'taskExecutor'
2020-08-05 19:10:18.047  INFO 20856 --- [restartedMain] edu.scau.DemoApplication                 : Starting DemoApplication on LAPTOP-7RJ4E68N with PID 20856 (D:\yiban\SNLN\target\classes started by 14375 in D:\yiban\SNLN)
2020-08-05 19:10:18.047  INFO 20856 --- [restartedMain] edu.scau.DemoApplication                 : No active profile set, falling back to default profiles: default
2020-08-05 19:10:18.448  INFO 20856 --- [restartedMain] trationDelegate$BeanPostProcessorChecker : Bean 'org.springframework.transaction.annotation.ProxyTransactionManagementConfiguration' of type [org.springframework.transaction.annotation.ProxyTransactionManagementConfiguration$$EnhancerBySpringCGLIB$$3e185e1c] is not eligible for getting processed by all BeanPostProcessors (for example: not eligible for auto-proxying)
2020-08-05 19:10:18.593  INFO 20856 --- [restartedMain] o.s.b.w.embedded.tomcat.TomcatWebServer  : Tomcat initialized with port(s): 8864 (http)
2020-08-05 19:10:18.594  INFO 20856 --- [restartedMain] o.apache.catalina.core.StandardService   : Starting service [Tomcat]
2020-08-05 19:10:18.594  INFO 20856 --- [restartedMain] org.apache.catalina.core.StandardEngine  : Starting Servlet engine: [Apache Tomcat/9.0.21]
2020-08-05 19:10:18.627  INFO 20856 --- [restartedMain] o.a.c.c.C.[Tomcat-1].[localhost].[/]     : Initializing Spring embedded WebApplicationContext
2020-08-05 19:10:18.627  INFO 20856 --- [restartedMain] o.s.web.context.ContextLoader            : Root WebApplicationContext: initialization completed in 578 ms
2020-08-05 19:10:18.831  INFO 20856 --- [restartedMain] o.s.s.concurrent.ThreadPoolTaskExecutor  : Initializing ExecutorService
2020-08-05 19:10:18.831  INFO 20856 --- [restartedMain] o.s.s.concurrent.ThreadPoolTaskExecutor  : Initializing ExecutorService 'taskExecutor'
2020-08-05 19:10:18.847  INFO 20856 --- [restartedMain] pertySourcedRequestMappingHandlerMapping : Mapped URL path [/v2/api-docs] onto method [public org.springframework.http.ResponseEntity<springfox.documentation.spring.web.json.Json> springfox.documentation.swagger2.web.Swagger2Controller.getDocumentation(java.lang.String,javax.servlet.http.HttpServletRequest)]
2020-08-05 19:10:18.901  INFO 20856 --- [restartedMain] o.s.b.d.a.OptionalLiveReloadServer       : LiveReload server is running on port 35729
2020-08-05 19:10:18.984  INFO 20856 --- [restartedMain] d.s.w.p.DocumentationPluginsBootstrapper : Context refreshed
2020-08-05 19:10:18.985  INFO 20856 --- [restartedMain] d.s.w.p.DocumentationPluginsBootstrapper : Found 1 custom documentation plugin(s)
2020-08-05 19:10:18.988  INFO 20856 --- [restartedMain] s.d.s.w.s.ApiListingReferenceScanner     : Scanning for api listing references
2020-08-05 19:10:18.994  INFO 20856 --- [restartedMain] o.s.b.w.embedded.tomcat.TomcatWebServer  : Tomcat started on port(s): 8864 (http) with context path ''
2020-08-05 19:10:18.995  INFO 20856 --- [restartedMain] edu.scau.DemoApplication                 : Started DemoApplication in 0.966 seconds (JVM running for 390.562)
2020-08-05 19:10:18.997  INFO 20856 --- [restartedMain] .ConditionEvaluationDeltaLoggingListener : Condition evaluation unchanged
2020-08-05 19:10:21.429  INFO 20856 --- [Thread-80] o.s.s.concurrent.ThreadPoolTaskExecutor  : Shutting down ExecutorService 'taskExecutor'
2020-08-05 19:10:22.349  INFO 20856 --- [restartedMain] edu.scau.DemoApplication                 : Starting DemoApplication on LAPTOP-7RJ4E68N with PID 20856 (D:\yiban\SNLN\target\classes started by 14375 in D:\yiban\SNLN)
2020-08-05 19:10:22.350  INFO 20856 --- [restartedMain] edu.scau.DemoApplication                 : No active profile set, falling back to default profiles: default
2020-08-05 19:10:22.782  INFO 20856 --- [restartedMain] trationDelegate$BeanPostProcessorChecker : Bean 'org.springframework.transaction.annotation.ProxyTransactionManagementConfiguration' of type [org.springframework.transaction.annotation.ProxyTransactionManagementConfiguration$$EnhancerBySpringCGLIB$$3e185e1c] is not eligible for getting processed by all BeanPostProcessors (for example: not eligible for auto-proxying)
2020-08-05 19:10:22.927  INFO 20856 --- [restartedMain] o.s.b.w.embedded.tomcat.TomcatWebServer  : Tomcat initialized with port(s): 8864 (http)
2020-08-05 19:10:22.927  INFO 20856 --- [restartedMain] o.apache.catalina.core.StandardService   : Starting service [Tomcat]
2020-08-05 19:10:22.928  INFO 20856 --- [restartedMain] org.apache.catalina.core.StandardEngine  : Starting Servlet engine: [Apache Tomcat/9.0.21]
2020-08-05 19:10:22.962  INFO 20856 --- [restartedMain] o.a.c.c.C.[Tomcat-1].[localhost].[/]     : Initializing Spring embedded WebApplicationContext
2020-08-05 19:10:22.962  INFO 20856 --- [restartedMain] o.s.web.context.ContextLoader            : Root WebApplicationContext: initialization completed in 611 ms
2020-08-05 19:10:23.164  INFO 20856 --- [restartedMain] o.s.s.concurrent.ThreadPoolTaskExecutor  : Initializing ExecutorService
2020-08-05 19:10:23.164  INFO 20856 --- [restartedMain] o.s.s.concurrent.ThreadPoolTaskExecutor  : Initializing ExecutorService 'taskExecutor'
2020-08-05 19:10:23.169  INFO 20856 --- [restartedMain] pertySourcedRequestMappingHandlerMapping : Mapped URL path [/v2/api-docs] onto method [public org.springframework.http.ResponseEntity<springfox.documentation.spring.web.json.Json> springfox.documentation.swagger2.web.Swagger2Controller.getDocumentation(java.lang.String,javax.servlet.http.HttpServletRequest)]
2020-08-05 19:10:23.215  INFO 20856 --- [restartedMain] o.s.b.d.a.OptionalLiveReloadServer       : LiveReload server is running on port 35729
2020-08-05 19:10:23.304  INFO 20856 --- [restartedMain] d.s.w.p.DocumentationPluginsBootstrapper : Context refreshed
2020-08-05 19:10:23.304  INFO 20856 --- [restartedMain] d.s.w.p.DocumentationPluginsBootstrapper : Found 1 custom documentation plugin(s)
2020-08-05 19:10:23.307  INFO 20856 --- [restartedMain] s.d.s.w.s.ApiListingReferenceScanner     : Scanning for api listing references
2020-08-05 19:10:23.313  INFO 20856 --- [restartedMain] o.s.b.w.embedded.tomcat.TomcatWebServer  : Tomcat started on port(s): 8864 (http) with context path ''
2020-08-05 19:10:23.314  INFO 20856 --- [restartedMain] edu.scau.DemoApplication                 : Started DemoApplication in 0.981 seconds (JVM running for 394.882)
2020-08-05 19:10:23.316  INFO 20856 --- [restartedMain] .ConditionEvaluationDeltaLoggingListener : Condition evaluation unchanged
2020-08-05 19:10:26.769  INFO 20856 --- [Thread-86] o.s.s.concurrent.ThreadPoolTaskExecutor  : Shutting down ExecutorService 'taskExecutor'
2020-08-05 19:10:27.693  INFO 20856 --- [restartedMain] edu.scau.DemoApplication                 : Starting DemoApplication on LAPTOP-7RJ4E68N with PID 20856 (D:\yiban\SNLN\target\classes started by 14375 in D:\yiban\SNLN)
2020-08-05 19:10:27.694  INFO 20856 --- [restartedMain] edu.scau.DemoApplication                 : No active profile set, falling back to default profiles: default
2020-08-05 19:10:28.099  INFO 20856 --- [restartedMain] trationDelegate$BeanPostProcessorChecker : Bean 'org.springframework.transaction.annotation.ProxyTransactionManagementConfiguration' of type [org.springframework.transaction.annotation.ProxyTransactionManagementConfiguration$$EnhancerBySpringCGLIB$$3e185e1c] is not eligible for getting processed by all BeanPostProcessors (for example: not eligible for auto-proxying)
2020-08-05 19:10:28.247  INFO 20856 --- [restartedMain] o.s.b.w.embedded.tomcat.TomcatWebServer  : Tomcat initialized with port(s): 8864 (http)
2020-08-05 19:10:28.247  INFO 20856 --- [restartedMain] o.apache.catalina.core.StandardService   : Starting service [Tomcat]
2020-08-05 19:10:28.248  INFO 20856 --- [restartedMain] org.apache.catalina.core.StandardEngine  : Starting Servlet engine: [Apache Tomcat/9.0.21]
2020-08-05 19:10:28.281  INFO 20856 --- [restartedMain] o.a.c.c.C.[Tomcat-1].[localhost].[/]     : Initializing Spring embedded WebApplicationContext
2020-08-05 19:10:28.281  INFO 20856 --- [restartedMain] o.s.web.context.ContextLoader            : Root WebApplicationContext: initialization completed in 586 ms
2020-08-05 19:10:28.481  INFO 20856 --- [restartedMain] o.s.s.concurrent.ThreadPoolTaskExecutor  : Initializing ExecutorService
2020-08-05 19:10:28.481  INFO 20856 --- [restartedMain] o.s.s.concurrent.ThreadPoolTaskExecutor  : Initializing ExecutorService 'taskExecutor'
2020-08-05 19:10:28.487  INFO 20856 --- [restartedMain] pertySourcedRequestMappingHandlerMapping : Mapped URL path [/v2/api-docs] onto method [public org.springframework.http.ResponseEntity<springfox.documentation.spring.web.json.Json> springfox.documentation.swagger2.web.Swagger2Controller.getDocumentation(java.lang.String,javax.servlet.http.HttpServletRequest)]
2020-08-05 19:10:28.531  INFO 20856 --- [restartedMain] o.s.b.d.a.OptionalLiveReloadServer       : LiveReload server is running on port 35729
2020-08-05 19:10:28.614  INFO 20856 --- [restartedMain] d.s.w.p.DocumentationPluginsBootstrapper : Context refreshed
2020-08-05 19:10:28.615  INFO 20856 --- [restartedMain] d.s.w.p.DocumentationPluginsBootstrapper : Found 1 custom documentation plugin(s)
2020-08-05 19:10:28.618  INFO 20856 --- [restartedMain] s.d.s.w.s.ApiListingReferenceScanner     : Scanning for api listing references
2020-08-05 19:10:28.623  INFO 20856 --- [restartedMain] o.s.b.w.embedded.tomcat.TomcatWebServer  : Tomcat started on port(s): 8864 (http) with context path ''
2020-08-05 19:10:28.624  INFO 20856 --- [restartedMain] edu.scau.DemoApplication                 : Started DemoApplication in 0.947 seconds (JVM running for 400.192)
2020-08-05 19:10:28.626  INFO 20856 --- [restartedMain] .ConditionEvaluationDeltaLoggingListener : Condition evaluation unchanged
2020-08-05 19:10:33.097  INFO 20856 --- [Thread-92] o.s.s.concurrent.ThreadPoolTaskExecutor  : Shutting down ExecutorService 'taskExecutor'
2020-08-05 19:10:34.142  INFO 20856 --- [restartedMain] edu.scau.DemoApplication                 : Starting DemoApplication on LAPTOP-7RJ4E68N with PID 20856 (D:\yiban\SNLN\target\classes started by 14375 in D:\yiban\SNLN)
2020-08-05 19:10:34.143  INFO 20856 --- [restartedMain] edu.scau.DemoApplication                 : No active profile set, falling back to default profiles: default
2020-08-05 19:10:34.632  INFO 20856 --- [restartedMain] trationDelegate$BeanPostProcessorChecker : Bean 'org.springframework.transaction.annotation.ProxyTransactionManagementConfiguration' of type [org.springframework.transaction.annotation.ProxyTransactionManagementConfiguration$$EnhancerBySpringCGLIB$$3e185e1c] is not eligible for getting processed by all BeanPostProcessors (for example: not eligible for auto-proxying)
2020-08-05 19:10:34.778  INFO 20856 --- [restartedMain] o.s.b.w.embedded.tomcat.TomcatWebServer  : Tomcat initialized with port(s): 8864 (http)
2020-08-05 19:10:34.778  INFO 20856 --- [restartedMain] o.apache.catalina.core.StandardService   : Starting service [Tomcat]
2020-08-05 19:10:34.778  INFO 20856 --- [restartedMain] org.apache.catalina.core.StandardEngine  : Starting Servlet engine: [Apache Tomcat/9.0.21]
2020-08-05 19:10:34.815  INFO 20856 --- [restartedMain] o.a.c.c.C.[Tomcat-1].[localhost].[/]     : Initializing Spring embedded WebApplicationContext
2020-08-05 19:10:34.815  INFO 20856 --- [restartedMain] o.s.web.context.ContextLoader            : Root WebApplicationContext: initialization completed in 671 ms
2020-08-05 19:10:35.073  INFO 20856 --- [restartedMain] o.s.s.concurrent.ThreadPoolTaskExecutor  : Initializing ExecutorService
2020-08-05 19:10:35.074  INFO 20856 --- [restartedMain] o.s.s.concurrent.ThreadPoolTaskExecutor  : Initializing ExecutorService 'taskExecutor'
2020-08-05 19:10:35.079  INFO 20856 --- [restartedMain] pertySourcedRequestMappingHandlerMapping : Mapped URL path [/v2/api-docs] onto method [public org.springframework.http.ResponseEntity<springfox.documentation.spring.web.json.Json> springfox.documentation.swagger2.web.Swagger2Controller.getDocumentation(java.lang.String,javax.servlet.http.HttpServletRequest)]
2020-08-05 19:10:35.165  INFO 20856 --- [restartedMain] o.s.b.d.a.OptionalLiveReloadServer       : LiveReload server is running on port 35729
2020-08-05 19:10:35.274  INFO 20856 --- [restartedMain] d.s.w.p.DocumentationPluginsBootstrapper : Context refreshed
2020-08-05 19:10:35.275  INFO 20856 --- [restartedMain] d.s.w.p.DocumentationPluginsBootstrapper : Found 1 custom documentation plugin(s)
2020-08-05 19:10:35.278  INFO 20856 --- [restartedMain] s.d.s.w.s.ApiListingReferenceScanner     : Scanning for api listing references
2020-08-05 19:10:35.285  INFO 20856 --- [restartedMain] o.s.b.w.embedded.tomcat.TomcatWebServer  : Tomcat started on port(s): 8864 (http) with context path ''
2020-08-05 19:10:35.285  INFO 20856 --- [restartedMain] edu.scau.DemoApplication                 : Started DemoApplication in 1.161 seconds (JVM running for 406.853)
2020-08-05 19:10:35.287  INFO 20856 --- [restartedMain] .ConditionEvaluationDeltaLoggingListener : Condition evaluation unchanged
2020-08-05 19:10:36.702  INFO 20856 --- [Thread-98] o.s.s.concurrent.ThreadPoolTaskExecutor  : Shutting down ExecutorService 'taskExecutor'
2020-08-05 19:10:37.601  INFO 20856 --- [restartedMain] edu.scau.DemoApplication                 : Starting DemoApplication on LAPTOP-7RJ4E68N with PID 20856 (D:\yiban\SNLN\target\classes started by 14375 in D:\yiban\SNLN)
2020-08-05 19:10:37.602  INFO 20856 --- [restartedMain] edu.scau.DemoApplication                 : No active profile set, falling back to default profiles: default
2020-08-05 19:10:38.010  INFO 20856 --- [restartedMain] trationDelegate$BeanPostProcessorChecker : Bean 'org.springframework.transaction.annotation.ProxyTransactionManagementConfiguration' of type [org.springframework.transaction.annotation.ProxyTransactionManagementConfiguration$$EnhancerBySpringCGLIB$$3e185e1c] is not eligible for getting processed by all BeanPostProcessors (for example: not eligible for auto-proxying)
2020-08-05 19:10:38.155  INFO 20856 --- [restartedMain] o.s.b.w.embedded.tomcat.TomcatWebServer  : Tomcat initialized with port(s): 8864 (http)
2020-08-05 19:10:38.156  INFO 20856 --- [restartedMain] o.apache.catalina.core.StandardService   : Starting service [Tomcat]
2020-08-05 19:10:38.156  INFO 20856 --- [restartedMain] org.apache.catalina.core.StandardEngine  : Starting Servlet engine: [Apache Tomcat/9.0.21]
2020-08-05 19:10:38.191  INFO 20856 --- [restartedMain] o.a.c.c.C.[Tomcat-1].[localhost].[/]     : Initializing Spring embedded WebApplicationContext
2020-08-05 19:10:38.192  INFO 20856 --- [restartedMain] o.s.web.context.ContextLoader            : Root WebApplicationContext: initialization completed in 589 ms
2020-08-05 19:10:38.395  INFO 20856 --- [restartedMain] o.s.s.concurrent.ThreadPoolTaskExecutor  : Initializing ExecutorService
2020-08-05 19:10:38.395  INFO 20856 --- [restartedMain] o.s.s.concurrent.ThreadPoolTaskExecutor  : Initializing ExecutorService 'taskExecutor'
2020-08-05 19:10:38.402  INFO 20856 --- [restartedMain] pertySourcedRequestMappingHandlerMapping : Mapped URL path [/v2/api-docs] onto method [public org.springframework.http.ResponseEntity<springfox.documentation.spring.web.json.Json> springfox.documentation.swagger2.web.Swagger2Controller.getDocumentation(java.lang.String,javax.servlet.http.HttpServletRequest)]
2020-08-05 19:10:38.448  INFO 20856 --- [restartedMain] o.s.b.d.a.OptionalLiveReloadServer       : LiveReload server is running on port 35729
2020-08-05 19:10:38.535  INFO 20856 --- [restartedMain] d.s.w.p.DocumentationPluginsBootstrapper : Context refreshed
2020-08-05 19:10:38.536  INFO 20856 --- [restartedMain] d.s.w.p.DocumentationPluginsBootstrapper : Found 1 custom documentation plugin(s)
2020-08-05 19:10:38.539  INFO 20856 --- [restartedMain] s.d.s.w.s.ApiListingReferenceScanner     : Scanning for api listing references
2020-08-05 19:10:38.545  INFO 20856 --- [restartedMain] o.s.b.w.embedded.tomcat.TomcatWebServer  : Tomcat started on port(s): 8864 (http) with context path ''
2020-08-05 19:10:38.545  INFO 20856 --- [restartedMain] edu.scau.DemoApplication                 : Started DemoApplication in 0.961 seconds (JVM running for 410.113)
2020-08-05 19:10:38.547  INFO 20856 --- [restartedMain] .ConditionEvaluationDeltaLoggingListener : Condition evaluation unchanged
