#
# There is insufficient memory for the Java Runtime Environment to continue.
# Native memory allocation (malloc) failed to allocate 1048576 bytes for AllocateHeap
# Possible reasons:
#   The system is out of physical RAM or swap space
#   The process is running with CompressedOops enabled, and the Java Heap may be blocking the growth of the native heap
# Possible solutions:
#   Reduce memory load on the system
#   Increase physical memory or swap space
#   Check if swap backing store is full
#   Decrease Java heap size (-Xmx/-Xms)
#   Decrease number of Java threads
#   Decrease Java thread stack sizes (-Xss)
#   Set larger code cache with -XX:ReservedCodeCacheSize=
#   JVM is running with Unscaled Compressed Oops mode in which the Java heap is
#     placed in the first 4GB address space. The Java Heap base address is the
#     maximum limit for the native heap growth. Please use -XX:HeapBaseMinAddress
#     to set the Java Heap base and to place the Java Heap above 4GB virtual address.
# This output file may be truncated or incomplete.
#
#  Out of Memory Error (memory/allocation.inline.hpp:61), pid=38748, tid=0x000000000000d648
#
# JRE version:  (8.0_252-b09) (build )
# Java VM: OpenJDK 64-Bit Server VM (25.252-b09 mixed mode windows-amd64 compressed oops)
# Failed to write core dump. Minidumps are not enabled by default on client versions of Windows
#

---------------  T H R E A D  ---------------

Current thread (0x0000028c9e269000):  JavaThread "Unknown thread" [_thread_in_vm, id=54856, stack(0x0000009793000000,0x0000009793100000)]

Stack: [0x0000009793000000,0x0000009793100000]
[error occurred during error reporting (printing stack bounds), id 0xc0000005]

Native frames: (J=compiled Java code, j=interpreted, Vv=VM code, C=native code)


---------------  P R O C E S S  ---------------

Java Threads: ( => current thread )

Other Threads:

=>0x0000028c9e269000 (exited) JavaThread "Unknown thread" [_thread_in_vm, id=54856, stack(0x0000009793000000,0x0000009793100000)]

VM state:not at safepoint (normal execution)

VM Mutex/Monitor currently owned by a thread: None

heap address: 0x0000000082e00000, size: 2002 MB, Compressed Oops mode: 32-bit
Narrow klass base: 0x0000000000000000, Narrow klass shift: 3
Compressed class space size: 1073741824 Address: 0x0000000100000000

Heap:
 PSYoungGen      total 37888K, used 655K [0x00000000d6500000, 0x00000000d8f00000, 0x0000000100000000)
  eden space 32768K, 2% used [0x00000000d6500000,0x00000000d65a3d80,0x00000000d8500000)
  from space 5120K, 0% used [0x00000000d8a00000,0x00000000d8a00000,0x00000000d8f00000)
  to   space 5120K, 0% used [0x00000000d8500000,0x00000000d8500000,0x00000000d8a00000)
 ParOldGen       total 86016K, used 0K [0x0000000082e00000, 0x0000000088200000, 0x00000000d6500000)
  object space 86016K, 0% used [0x0000000082e00000,0x0000000082e00000,0x0000000088200000)
 Metaspace       used 778K, capacity 4480K, committed 4480K, reserved 1056768K
  class space    used 74K, capacity 384K, committed 384K, reserved 1048576K

Card table byte_map: [0x0000028caf250000,0x0000028caf640000] byte_map_base: 0x0000028caee39000

Marking Bits: (ParMarkBitMap*) 0x0000000073c67010
 Begin Bits: [0x0000028caf8e0000, 0x0000028cb1828000)
 End Bits:   [0x0000028cb1828000, 0x0000028cb3770000)

Polling page: 0x0000028c9e350000

CodeCache: size=245760Kb used=328Kb max_used=328Kb free=245431Kb
 bounds [0x0000028c9fe90000, 0x0000028ca0100000, 0x0000028caee90000]
 total_blobs=57 nmethods=0 adapters=38
 compilation: enabled

Compilation events (0 events):
No events

GC Heap History (0 events):
No events

Deoptimization events (0 events):
No events

Classes redefined (0 events):
No events

Internal exceptions (0 events):
No events

Events (10 events):
Event: 0.880 loading class java/lang/Short
Event: 0.880 loading class java/lang/Short done
Event: 0.880 loading class java/lang/Integer
Event: 0.880 loading class java/lang/Integer done
Event: 0.880 loading class java/lang/Long
Event: 0.880 loading class java/lang/Long done
Event: 0.881 loading class java/lang/NullPointerException
Event: 0.881 loading class java/lang/NullPointerException done
Event: 0.881 loading class java/lang/ArithmeticException
Event: 0.881 loading class java/lang/ArithmeticException done


Dynamic libraries:
0x00007ff6944d0000 - 0x00007ff69450a000 	D:\jdk1.8\bin\java.exe
0x00007ffa7e640000 - 0x00007ffa7e830000 	C:\WINDOWS\SYSTEM32\ntdll.dll
0x00007ffa7d190000 - 0x00007ffa7d242000 	C:\WINDOWS\System32\KERNEL32.DLL
0x00007ffa7b980000 - 0x00007ffa7bc24000 	C:\WINDOWS\System32\KERNELBASE.dll
0x00007ffa7e550000 - 0x00007ffa7e5f3000 	C:\WINDOWS\System32\ADVAPI32.dll
0x00007ffa7d0f0000 - 0x00007ffa7d18e000 	C:\WINDOWS\System32\msvcrt.dll
0x00007ffa7c9f0000 - 0x00007ffa7ca87000 	C:\WINDOWS\System32\sechost.dll
0x00007ffa7cb00000 - 0x00007ffa7cc20000 	C:\WINDOWS\System32\RPCRT4.dll
0x00007ffa7d310000 - 0x00007ffa7d4a4000 	C:\WINDOWS\System32\USER32.dll
0x00007ffa7c400000 - 0x00007ffa7c421000 	C:\WINDOWS\System32\win32u.dll
0x00007ffa7d6a0000 - 0x00007ffa7d6c6000 	C:\WINDOWS\System32\GDI32.dll
0x00007ffa7b630000 - 0x00007ffa7b7c5000 	C:\WINDOWS\System32\gdi32full.dll
0x00007ffa7c430000 - 0x00007ffa7c4ce000 	C:\WINDOWS\System32\msvcp_win.dll
0x00007ffa7b7d0000 - 0x00007ffa7b8ca000 	C:\WINDOWS\System32\ucrtbase.dll
0x00007ffa67420000 - 0x00007ffa676a4000 	C:\WINDOWS\WinSxS\amd64_microsoft.windows.common-controls_6595b64144ccf1df_6.0.18362.900_none_e6beb9d913147d17\COMCTL32.dll
0x00007ffa7d750000 - 0x00007ffa7da85000 	C:\WINDOWS\System32\combase.dll
0x00007ffa7c500000 - 0x00007ffa7c580000 	C:\WINDOWS\System32\bcryptPrimitives.dll
0x00007ffa7dce0000 - 0x00007ffa7dd0e000 	C:\WINDOWS\System32\IMM32.DLL
0x00007ffa4d500000 - 0x00007ffa4d5ef000 	D:\jdk1.8\jre\bin\msvcr120.dll
0x00007ffa5cda0000 - 0x00007ffa5ce46000 	D:\jdk1.8\jre\bin\msvcp120.dll
0x00000000734e0000 - 0x0000000073ce0000 	D:\jdk1.8\jre\bin\server\jvm.dll
0x00007ffa7d300000 - 0x00007ffa7d308000 	C:\WINDOWS\System32\PSAPI.DLL
0x00007ffa5c120000 - 0x00007ffa5c129000 	C:\WINDOWS\SYSTEM32\WSOCK32.dll
0x00007ffa77ca0000 - 0x00007ffa77cc4000 	C:\WINDOWS\SYSTEM32\WINMM.dll
0x00007ffa765f0000 - 0x00007ffa765fa000 	C:\WINDOWS\SYSTEM32\VERSION.dll
0x00007ffa7d4d0000 - 0x00007ffa7d53f000 	C:\WINDOWS\System32\WS2_32.dll
0x00007ffa77bc0000 - 0x00007ffa77bed000 	C:\WINDOWS\SYSTEM32\winmmbase.dll
0x00007ffa7bc30000 - 0x00007ffa7bc7a000 	C:\WINDOWS\System32\cfgmgr32.dll
0x00007ffa77a10000 - 0x00007ffa77a1f000 	D:\jdk1.8\jre\bin\verify.dll
0x00007ffa737d0000 - 0x00007ffa737f8000 	D:\jdk1.8\jre\bin\java.dll
0x00007ffa61f50000 - 0x00007ffa61f7a000 	D:\jdk1.8\jre\bin\instrument.dll
0x00007ffa76b40000 - 0x00007ffa76b56000 	D:\jdk1.8\jre\bin\zip.dll

VM Arguments:
jvm_args: -ea -Didea.test.cyclic.buffer.size=1048576 -javaagent:D:\IDEA2020\IntelliJ IDEA 2020.1.2\lib\idea_rt.jar=61292:D:\IDEA2020\IntelliJ IDEA 2020.1.2\bin -Dfile.encoding=UTF-8 
java_command: com.intellij.rt.junit.JUnitStarter -ideVersion5 -junit4 edu.scau.AppTest,shouldAnswerWithTrue
java_class_path (initial): D:\IDEA2020\IntelliJ IDEA 2020.1.2\lib\idea_rt.jar;D:\IDEA2020\IntelliJ IDEA 2020.1.2\plugins\junit\lib\junit5-rt.jar;D:\IDEA2020\IntelliJ IDEA 2020.1.2\plugins\junit\lib\junit-rt.jar;D:\jdk1.8\jre\lib\charsets.jar;D:\jdk1.8\jre\lib\ext\access-bridge-64.jar;D:\jdk1.8\jre\lib\ext\cldrdata.jar;D:\jdk1.8\jre\lib\ext\dnsns.jar;D:\jdk1.8\jre\lib\ext\jaccess.jar;D:\jdk1.8\jre\lib\ext\jfxrt.jar;D:\jdk1.8\jre\lib\ext\localedata.jar;D:\jdk1.8\jre\lib\ext\nashorn.jar;D:\jdk1.8\jre\lib\ext\sunec.jar;D:\jdk1.8\jre\lib\ext\sunjce_provider.jar;D:\jdk1.8\jre\lib\ext\sunmscapi.jar;D:\jdk1.8\jre\lib\ext\sunpkcs11.jar;D:\jdk1.8\jre\lib\ext\zipfs.jar;D:\jdk1.8\jre\lib\jce.jar;D:\jdk1.8\jre\lib\jfxswt.jar;D:\jdk1.8\jre\lib\jsse.jar;D:\jdk1.8\jre\lib\management-agent.jar;D:\jdk1.8\jre\lib\resources.jar;D:\jdk1.8\jre\lib\rt.jar;D:\yiban\SNLN\target\test-classes;D:\yiban\SNLN\target\classes;C:\Users\14375\.m2\repository\org\springframework\boot\spring-boot-starter-web\2.1.6.RELEASE\spring-boot-starter-web-2.1.6.RELEASE.jar;C:\Users\14375\.m2\repository\org\springframework\boot\spring-boot-starter\2.1.6.RELEASE\spring-boot-starter-2.1.6.RELEASE.jar;C:\Users\14375\.m2\repository\org\springframework\boot\spring-boot-starter-logging\2.1.6.RELEASE\spring-boot-starter-logging-2.1.6.RELEASE.jar;C:\Users\14375\.m2\repository\ch\qos\logback\logback-classic\1.2.3\logback-classic-1.2.3.jar;C:\Users\14375\.m2\repository\ch\qos\logback\logback-core\1.2.3\logback-core-1.2.3.jar;C:\Users\14375\.m2\repository\org\apache\logging\log4j\log4j-to-slf4j\2.11.2\log4j-to-slf4j-2.11.2.jar;C:\Users\14375\.m2\repository\org\apache\logging\log4j\log4j-api\2.11.2\log4j-api-2.11.2.jar;C:\Users\14375\.m2\repository\org\slf4j\jul-to-slf4j\1.7.26\jul-to-slf4j-1.7.26.jar;C:\Users\14375\.m2\repository\javax\annotation\javax.annotation-api\1.3.2\javax.annotation-api-1.3.2.jar;C:\Users\14375\.m2\repository\org\yaml\snakeyaml\1.23\snakeyaml-1.23.jar;C:\Users\14375\.m2\repository\org\springframewo
Launcher Type: SUN_STANDARD

Environment Variables:
JAVA_HOME=D:\jdk1.8
CLASSPATH=D:\jdk1.8\jre\lib\rt.jar;.;
PATH=C:\Program Files\MySQL\MySQL Server 5.6\bin;D:\jdk1.8\bin;C:\WINDOWS\system32;C:\WINDOWS;C:\WINDOWS\System32\Wbem;C:\Program Files\Common Files\Thunder Network\KanKan\Codecs;C:\Program Files\ATI Technologies\ATI.ACE\Core-Static;D:\jdk\bin\server\jvm.dll;C:\Program Files\dotnet\;C:\Program Files\Microsoft SQL Server\130\Tools\Binn\;C:\Program Files\Intel\WiFi\bin\;C:\Program Files\Common Files\Intel\WirelessCommon\;C:\WINDOWS\System32\WindowsPowerShell\v1.0\;C:\WINDOWS\System32\OpenSSH\;D:\altera\quartus50\bin;D:\altera\quartus50\bin;D:\Git\cmd;D:\apache-maven-3.6.3\bin\;C:\Users\14375\AppData\Local\Microsoft\WindowsApps
USERNAME=14375
OS=Windows_NT
PROCESSOR_IDENTIFIER=Intel64 Family 6 Model 158 Stepping 10, GenuineIntel



---------------  S Y S T E M  ---------------

OS: Windows 10.0 , 64 bit Build 18362 (10.0.18362.900)

CPU:total 8 (initial active 8) (4 cores per cpu, 2 threads per core) family 6 model 158 stepping 10, cmov, cx8, fxsr, mmx, sse, sse2, sse3, ssse3, sse4.1, sse4.2, popcnt, avx, avx2, aes, clmul, erms, 3dnowpref, lzcnt, ht, tsc, tscinvbit, bmi1, bmi2, adx

Memory: 4k page, physical 8192440k(619576k free), swap 23660084k(5496k free)

vm_info: OpenJDK 64-Bit Server VM (25.252-b09) for windows-amd64 JRE (1.8.0_252-b09), built on Apr 16 2020 13:34:13 by "hudson" with MS VC++ 12.0 (VS2013)

time: Sun Jul 12 22:08:01 2020
timezone: ?D1¨²¡À¨º¡Á?¨º¡À??
elapsed time: 0 seconds (0d 0h 0m 0s)

