2020-08-06 21:54:48.476  INFO 50032 --- [main] edu.scau.DemoApplication                 : Starting DemoApplication v1.0-SNAPSHOT on DESKTOP-7ANT366 with PID 50032 (D:\项目\易班后台\demo\target\demo-1.0-SNAPSHOT.jar started by 陈云凤 in D:\项目\易班后台\demo\target)
2020-08-06 21:54:48.491  INFO 50032 --- [main] edu.scau.DemoApplication                 : No active profile set, falling back to default profiles: default
2020-08-06 21:54:50.150  INFO 50032 --- [main] trationDelegate$BeanPostProcessorChecker : Bean 'org.springframework.transaction.annotation.ProxyTransactionManagementConfiguration' of type [org.springframework.transaction.annotation.ProxyTransactionManagementConfiguration$$EnhancerBySpringCGLIB$$4de21765] is not eligible for getting processed by all BeanPostProcessors (for example: not eligible for auto-proxying)
2020-08-06 21:54:50.670  INFO 50032 --- [main] o.s.b.w.embedded.tomcat.TomcatWebServer  : Tomcat initialized with port(s): 8864 (http)
2020-08-06 21:54:50.713  INFO 50032 --- [main] o.apache.catalina.core.StandardService   : Starting service [Tomcat]
2020-08-06 21:54:50.713  INFO 50032 --- [main] org.apache.catalina.core.StandardEngine  : Starting Servlet engine: [Apache Tomcat/9.0.21]
2020-08-06 21:54:50.723  INFO 50032 --- [main] o.a.catalina.core.AprLifecycleListener   : Loaded APR based Apache Tomcat Native library [1.2.23] using APR version [1.7.0].
2020-08-06 21:54:50.723  INFO 50032 --- [main] o.a.catalina.core.AprLifecycleListener   : APR capabilities: IPv6 [true], sendfile [true], accept filters [false], random [true].
2020-08-06 21:54:50.724  INFO 50032 --- [main] o.a.catalina.core.AprLifecycleListener   : APR/OpenSSL configuration: useAprConnector [false], useOpenSSL [true]
2020-08-06 21:54:50.727  INFO 50032 --- [main] o.a.catalina.core.AprLifecycleListener   : OpenSSL successfully initialized [OpenSSL 1.1.1c  28 May 2019]
2020-08-06 21:54:50.873  INFO 50032 --- [main] o.a.c.c.C.[Tomcat].[localhost].[/]       : Initializing Spring embedded WebApplicationContext
2020-08-06 21:54:50.873  INFO 50032 --- [main] o.s.web.context.ContextLoader            : Root WebApplicationContext: initialization completed in 1975 ms
2020-08-06 21:54:52.136  INFO 50032 --- [main] pertySourcedRequestMappingHandlerMapping : Mapped URL path [/v2/api-docs] onto method [public org.springframework.http.ResponseEntity<springfox.documentation.spring.web.json.Json> springfox.documentation.swagger2.web.Swagger2Controller.getDocumentation(java.lang.String,javax.servlet.http.HttpServletRequest)]
2020-08-06 21:54:52.153  INFO 50032 --- [main] o.s.s.concurrent.ThreadPoolTaskExecutor  : Initializing ExecutorService
2020-08-06 21:54:52.155  INFO 50032 --- [main] o.s.s.concurrent.ThreadPoolTaskExecutor  : Initializing ExecutorService 'taskExecutor'
2020-08-06 21:54:52.635  INFO 50032 --- [main] d.s.w.p.DocumentationPluginsBootstrapper : Context refreshed
2020-08-06 21:54:52.660  INFO 50032 --- [main] d.s.w.p.DocumentationPluginsBootstrapper : Found 1 custom documentation plugin(s)
2020-08-06 21:54:52.698  INFO 50032 --- [main] s.d.s.w.s.ApiListingReferenceScanner     : Scanning for api listing references
2020-08-06 21:54:52.803  INFO 50032 --- [main] o.s.b.w.embedded.tomcat.TomcatWebServer  : Tomcat started on port(s): 8864 (http) with context path ''
2020-08-06 21:54:52.807  INFO 50032 --- [main] edu.scau.DemoApplication                 : Started DemoApplication in 5.236 seconds (JVM running for 5.937)
2020-08-06 21:54:58.869  INFO 50032 --- [http-nio-8864-exec-1] o.a.c.c.C.[Tomcat].[localhost].[/]       : Initializing Spring DispatcherServlet 'dispatcherServlet'
2020-08-06 21:54:58.870  INFO 50032 --- [http-nio-8864-exec-1] o.s.web.servlet.DispatcherServlet        : Initializing Servlet 'dispatcherServlet'
2020-08-06 21:54:58.881  INFO 50032 --- [http-nio-8864-exec-1] o.s.web.servlet.DispatcherServlet        : Completed initialization in 10 ms
2020-08-06 21:54:59.074  INFO 50032 --- [http-nio-8864-exec-1] com.alibaba.druid.pool.DruidDataSource   : {dataSource-1} inited
