
  .   ____          _            __ _ _
 /\\ / ___'_ __ _ _(_)_ __  __ _ \ \ \ \
( ( )\___ | '_ | '_| | '_ \/ _` | \ \ \ \
 \\/  ___)| |_)| | | | | || (_| |  ) ) ) )
  '  |____| .__|_| |_|_| |_\__, | / / / /
 =========|_|==============|___/=/_/_/_/
 :: Spring Boot ::        (v2.1.6.RELEASE)

2020-08-13 22:00:24.058  INFO 14296 --- [           main] edu.scau.DemoApplication                 : Starting DemoApplication v1.0-SNAPSHOT on izwz9bm1omvre5gitoiqcxz with PID 14296 (/usr/local/yiban/demo-1.0-SNAPSHOT.jar started by root in /usr/local/yiban)
2020-08-13 22:00:24.062  INFO 14296 --- [           main] edu.scau.DemoApplication                 : No active profile set, falling back to default profiles: default
2020-08-13 22:00:28.185  INFO 14296 --- [           main] trationDelegate$BeanPostProcessorChecker : Bean 'org.springframework.transaction.annotation.ProxyTransactionManagementConfiguration' of type [org.springframework.transaction.annotation.ProxyTransactionManagementConfiguration$$EnhancerBySpringCGLIB$$19cf0752] is not eligible for getting processed by all BeanPostProcessors (for example: not eligible for auto-proxying)
2020-08-13 22:00:28.933  INFO 14296 --- [           main] o.s.b.w.embedded.tomcat.TomcatWebServer  : Tomcat initialized with port(s): 8864 (http)
2020-08-13 22:00:29.056  INFO 14296 --- [           main] o.apache.catalina.core.StandardService   : Starting service [Tomcat]
2020-08-13 22:00:29.057  INFO 14296 --- [           main] org.apache.catalina.core.StandardEngine  : Starting Servlet engine: [Apache Tomcat/9.0.21]
2020-08-13 22:00:29.388  INFO 14296 --- [           main] o.a.c.c.C.[Tomcat].[localhost].[/]       : Initializing Spring embedded WebApplicationContext
2020-08-13 22:00:29.388  INFO 14296 --- [           main] o.s.web.context.ContextLoader            : Root WebApplicationContext: initialization completed in 5005 ms
 _ _   |_  _ _|_. ___ _ |    _ 
| | |\/|_)(_| | |_\  |_)||_|_\ 
     /               |         
                        3.3.0 
2020-08-13 22:00:30.775 ERROR 14296 --- [           main] c.b.m.core.MybatisConfiguration          : mapper[edu.scau.common.mapper.ActivityCertificateMapper.deleteCollectedCertificate] is ignored, because it exists, maybe from xml file
2020-08-13 22:00:32.806  INFO 14296 --- [           main] o.s.s.concurrent.ThreadPoolTaskExecutor  : Initializing ExecutorService
2020-08-13 22:00:32.807  INFO 14296 --- [           main] o.s.s.concurrent.ThreadPoolTaskExecutor  : Initializing ExecutorService 'taskExecutor'
2020-08-13 22:00:32.830  INFO 14296 --- [           main] pertySourcedRequestMappingHandlerMapping : Mapped URL path [/v2/api-docs] onto method [public org.springframework.http.ResponseEntity<springfox.documentation.spring.web.json.Json> springfox.documentation.swagger2.web.Swagger2Controller.getDocumentation(java.lang.String,javax.servlet.http.HttpServletRequest)]
2020-08-13 22:00:34.082  INFO 14296 --- [           main] d.s.w.p.DocumentationPluginsBootstrapper : Context refreshed
2020-08-13 22:00:34.170  INFO 14296 --- [           main] d.s.w.p.DocumentationPluginsBootstrapper : Found 1 custom documentation plugin(s)
2020-08-13 22:00:34.429  INFO 14296 --- [           main] s.d.s.w.s.ApiListingReferenceScanner     : Scanning for api listing references
2020-08-13 22:00:34.488  INFO 14296 --- [           main] o.s.b.w.embedded.tomcat.TomcatWebServer  : Tomcat started on port(s): 8864 (http) with context path ''
2020-08-13 22:00:34.492  INFO 14296 --- [           main] edu.scau.DemoApplication                 : Started DemoApplication in 12.218 seconds (JVM running for 13.175)
2020-08-13 22:00:34.854  INFO 14296 --- [nio-8864-exec-1] o.a.c.c.C.[Tomcat].[localhost].[/]       : Initializing Spring DispatcherServlet 'dispatcherServlet'
2020-08-13 22:00:34.854  INFO 14296 --- [nio-8864-exec-1] o.s.web.servlet.DispatcherServlet        : Initializing Servlet 'dispatcherServlet'
2020-08-13 22:00:34.871  INFO 14296 --- [nio-8864-exec-1] o.s.web.servlet.DispatcherServlet        : Completed initialization in 16 ms
2020-08-13 22:00:35.266  INFO 14296 --- [nio-8864-exec-1] com.alibaba.druid.pool.DruidDataSource   : {dataSource-1} inited
2020-08-13 22:00:46.450 ERROR 14296 --- [   DailyAsync-1] .a.i.SimpleAsyncUncaughtExceptionHandler : Unexpected exception occurred invoking async method: public void edu.scau.common.utils.SendMail.sendMail(java.util.List,java.lang.String) throws javax.mail.MessagingException,java.io.IOException

java.net.MalformedURLException: no protocol: []
	at java.net.URL.<init>(URL.java:611) ~[na:1.8.0_252]
	at java.net.URL.<init>(URL.java:508) ~[na:1.8.0_252]
	at java.net.URL.<init>(URL.java:457) ~[na:1.8.0_252]
	at edu.scau.common.utils.SendMail.sendMail(SendMail.java:45) ~[classes!/:1.0-SNAPSHOT]
	at edu.scau.common.utils.SendMail$$FastClassBySpringCGLIB$$db5369cd.invoke(<generated>) ~[classes!/:1.0-SNAPSHOT]
	at org.springframework.cglib.proxy.MethodProxy.invoke(MethodProxy.java:218) ~[spring-core-5.1.8.RELEASE.jar!/:5.1.8.RELEASE]
	at org.springframework.aop.framework.CglibAopProxy$CglibMethodInvocation.invokeJoinpoint(CglibAopProxy.java:749) ~[spring-aop-5.1.8.RELEASE.jar!/:5.1.8.RELEASE]
	at org.springframework.aop.framework.ReflectiveMethodInvocation.proceed(ReflectiveMethodInvocation.java:163) ~[spring-aop-5.1.8.RELEASE.jar!/:5.1.8.RELEASE]
	at org.springframework.aop.interceptor.AsyncExecutionInterceptor.lambda$invoke$0(AsyncExecutionInterceptor.java:115) ~[spring-aop-5.1.8.RELEASE.jar!/:5.1.8.RELEASE]
	at java.util.concurrent.FutureTask.run(FutureTask.java:266) ~[na:1.8.0_252]
	at java.util.concurrent.ThreadPoolExecutor.runWorker(ThreadPoolExecutor.java:1149) ~[na:1.8.0_252]
	at java.util.concurrent.ThreadPoolExecutor$Worker.run(ThreadPoolExecutor.java:624) ~[na:1.8.0_252]
	at java.lang.Thread.run(Thread.java:748) ~[na:1.8.0_252]

3
3
-1 1
certificateId != -1
1
3
-1 1
certificateId != -1
1
77
6 -1
activityId != -1
147
161
size 2
2
2020-08-13 22:08:16.012
delete: 161
-1 1
certificateId != -1
1
3
3
-1 1
certificateId != -1
1
3
-1 1
certificateId != -1
1
3
2020-08-13 22:14:21.903  WARN 14296 --- [nio-8864-exec-3] .w.s.m.s.DefaultHandlerExceptionResolver : Resolved [org.springframework.web.HttpRequestMethodNotSupportedException: Request method 'POST' not supported]
2020-08-13 22:14:46.432 ERROR 14296 --- [   DailyAsync-2] .a.i.SimpleAsyncUncaughtExceptionHandler : Unexpected exception occurred invoking async method: public void edu.scau.common.utils.SendMail.sendMail(java.util.List,java.lang.String) throws javax.mail.MessagingException,java.io.IOException

org.springframework.mail.MailSendException: Mail server connection failed; nested exception is javax.mail.MessagingException: Could not connect to SMTP host: smtp.163.com, port: 465, response: -1. Failed messages: javax.mail.MessagingException: Could not connect to SMTP host: smtp.163.com, port: 465, response: -1
	at org.springframework.mail.javamail.JavaMailSenderImpl.doSend(JavaMailSenderImpl.java:447) ~[spring-context-support-5.1.8.RELEASE.jar!/:5.1.8.RELEASE]
	at org.springframework.mail.javamail.JavaMailSenderImpl.send(JavaMailSenderImpl.java:360) ~[spring-context-support-5.1.8.RELEASE.jar!/:5.1.8.RELEASE]
	at org.springframework.mail.javamail.JavaMailSenderImpl.send(JavaMailSenderImpl.java:355) ~[spring-context-support-5.1.8.RELEASE.jar!/:5.1.8.RELEASE]
	at edu.scau.common.utils.SendMail.sendMail(SendMail.java:57) ~[classes!/:1.0-SNAPSHOT]
	at edu.scau.common.utils.SendMail$$FastClassBySpringCGLIB$$db5369cd.invoke(<generated>) ~[classes!/:1.0-SNAPSHOT]
	at org.springframework.cglib.proxy.MethodProxy.invoke(MethodProxy.java:218) ~[spring-core-5.1.8.RELEASE.jar!/:5.1.8.RELEASE]
	at org.springframework.aop.framework.CglibAopProxy$CglibMethodInvocation.invokeJoinpoint(CglibAopProxy.java:749) ~[spring-aop-5.1.8.RELEASE.jar!/:5.1.8.RELEASE]
	at org.springframework.aop.framework.ReflectiveMethodInvocation.proceed(ReflectiveMethodInvocation.java:163) ~[spring-aop-5.1.8.RELEASE.jar!/:5.1.8.RELEASE]
	at org.springframework.aop.interceptor.AsyncExecutionInterceptor.lambda$invoke$0(AsyncExecutionInterceptor.java:115) ~[spring-aop-5.1.8.RELEASE.jar!/:5.1.8.RELEASE]
	at java.util.concurrent.FutureTask.run(FutureTask.java:266) ~[na:1.8.0_252]
	at java.util.concurrent.ThreadPoolExecutor.runWorker(ThreadPoolExecutor.java:1149) ~[na:1.8.0_252]
	at java.util.concurrent.ThreadPoolExecutor$Worker.run(ThreadPoolExecutor.java:624) ~[na:1.8.0_252]
	at java.lang.Thread.run(Thread.java:748) ~[na:1.8.0_252]
Caused by: javax.mail.MessagingException: Could not connect to SMTP host: smtp.163.com, port: 465, response: -1
	at com.sun.mail.smtp.SMTPTransport.openServer(SMTPTransport.java:2197) ~[javax.mail-1.6.2.jar!/:1.6.2]
	at com.sun.mail.smtp.SMTPTransport.protocolConnect(SMTPTransport.java:740) ~[javax.mail-1.6.2.jar!/:1.6.2]
	at javax.mail.Service.connect(Service.java:366) ~[javax.mail-1.6.2.jar!/:1.6.2]
	at org.springframework.mail.javamail.JavaMailSenderImpl.connectTransport(JavaMailSenderImpl.java:517) ~[spring-context-support-5.1.8.RELEASE.jar!/:5.1.8.RELEASE]
	at org.springframework.mail.javamail.JavaMailSenderImpl.doSend(JavaMailSenderImpl.java:436) ~[spring-context-support-5.1.8.RELEASE.jar!/:5.1.8.RELEASE]
	... 12 common frames omitted

-1 1
certificateId != -1
1
-1 2
certificateId != -1
3
5
16 -1
activityId != -1
125
size 1
66
16 -1
activityId != -1
66
125
162
size 2
2
2020-08-13 22:16:46.382
delete: 162
2020-08-13 22:27:15.487 ERROR 14296 --- [   DailyAsync-3] .a.i.SimpleAsyncUncaughtExceptionHandler : Unexpected exception occurred invoking async method: public void edu.scau.common.utils.SendMail.sendMail(java.util.List,java.lang.String) throws javax.mail.MessagingException,java.io.IOException

org.springframework.mail.MailSendException: Mail server connection failed; nested exception is javax.mail.MessagingException: Could not connect to SMTP host: smtp.163.com, port: 465, response: -1. Failed messages: javax.mail.MessagingException: Could not connect to SMTP host: smtp.163.com, port: 465, response: -1
	at org.springframework.mail.javamail.JavaMailSenderImpl.doSend(JavaMailSenderImpl.java:447) ~[spring-context-support-5.1.8.RELEASE.jar!/:5.1.8.RELEASE]
	at org.springframework.mail.javamail.JavaMailSenderImpl.send(JavaMailSenderImpl.java:360) ~[spring-context-support-5.1.8.RELEASE.jar!/:5.1.8.RELEASE]
	at org.springframework.mail.javamail.JavaMailSenderImpl.send(JavaMailSenderImpl.java:355) ~[spring-context-support-5.1.8.RELEASE.jar!/:5.1.8.RELEASE]
	at edu.scau.common.utils.SendMail.sendMail(SendMail.java:57) ~[classes!/:1.0-SNAPSHOT]
	at edu.scau.common.utils.SendMail$$FastClassBySpringCGLIB$$db5369cd.invoke(<generated>) ~[classes!/:1.0-SNAPSHOT]
	at org.springframework.cglib.proxy.MethodProxy.invoke(MethodProxy.java:218) ~[spring-core-5.1.8.RELEASE.jar!/:5.1.8.RELEASE]
	at org.springframework.aop.framework.CglibAopProxy$CglibMethodInvocation.invokeJoinpoint(CglibAopProxy.java:749) ~[spring-aop-5.1.8.RELEASE.jar!/:5.1.8.RELEASE]
	at org.springframework.aop.framework.ReflectiveMethodInvocation.proceed(ReflectiveMethodInvocation.java:163) ~[spring-aop-5.1.8.RELEASE.jar!/:5.1.8.RELEASE]
	at org.springframework.aop.interceptor.AsyncExecutionInterceptor.lambda$invoke$0(AsyncExecutionInterceptor.java:115) ~[spring-aop-5.1.8.RELEASE.jar!/:5.1.8.RELEASE]
	at java.util.concurrent.FutureTask.run(FutureTask.java:266) ~[na:1.8.0_252]
	at java.util.concurrent.ThreadPoolExecutor.runWorker(ThreadPoolExecutor.java:1149) ~[na:1.8.0_252]
	at java.util.concurrent.ThreadPoolExecutor$Worker.run(ThreadPoolExecutor.java:624) ~[na:1.8.0_252]
	at java.lang.Thread.run(Thread.java:748) ~[na:1.8.0_252]
Caused by: javax.mail.MessagingException: Could not connect to SMTP host: smtp.163.com, port: 465, response: -1
	at com.sun.mail.smtp.SMTPTransport.openServer(SMTPTransport.java:2197) ~[javax.mail-1.6.2.jar!/:1.6.2]
	at com.sun.mail.smtp.SMTPTransport.protocolConnect(SMTPTransport.java:740) ~[javax.mail-1.6.2.jar!/:1.6.2]
	at javax.mail.Service.connect(Service.java:366) ~[javax.mail-1.6.2.jar!/:1.6.2]
	at org.springframework.mail.javamail.JavaMailSenderImpl.connectTransport(JavaMailSenderImpl.java:517) ~[spring-context-support-5.1.8.RELEASE.jar!/:5.1.8.RELEASE]
	at org.springframework.mail.javamail.JavaMailSenderImpl.doSend(JavaMailSenderImpl.java:436) ~[spring-context-support-5.1.8.RELEASE.jar!/:5.1.8.RELEASE]
	... 12 common frames omitted

6 -1
activityId != -1
147
size 1
79
2020-08-13 22:32:37.370 ERROR 14296 --- [   DailyAsync-4] .a.i.SimpleAsyncUncaughtExceptionHandler : Unexpected exception occurred invoking async method: public void edu.scau.common.utils.SendMail.sendMail(java.util.List,java.lang.String) throws javax.mail.MessagingException,java.io.IOException

org.springframework.mail.MailSendException: Mail server connection failed; nested exception is javax.mail.MessagingException: Could not connect to SMTP host: smtp.163.com, port: 465, response: -1. Failed messages: javax.mail.MessagingException: Could not connect to SMTP host: smtp.163.com, port: 465, response: -1
	at org.springframework.mail.javamail.JavaMailSenderImpl.doSend(JavaMailSenderImpl.java:447) ~[spring-context-support-5.1.8.RELEASE.jar!/:5.1.8.RELEASE]
	at org.springframework.mail.javamail.JavaMailSenderImpl.send(JavaMailSenderImpl.java:360) ~[spring-context-support-5.1.8.RELEASE.jar!/:5.1.8.RELEASE]
	at org.springframework.mail.javamail.JavaMailSenderImpl.send(JavaMailSenderImpl.java:355) ~[spring-context-support-5.1.8.RELEASE.jar!/:5.1.8.RELEASE]
	at edu.scau.common.utils.SendMail.sendMail(SendMail.java:57) ~[classes!/:1.0-SNAPSHOT]
	at edu.scau.common.utils.SendMail$$FastClassBySpringCGLIB$$db5369cd.invoke(<generated>) ~[classes!/:1.0-SNAPSHOT]
	at org.springframework.cglib.proxy.MethodProxy.invoke(MethodProxy.java:218) ~[spring-core-5.1.8.RELEASE.jar!/:5.1.8.RELEASE]
	at org.springframework.aop.framework.CglibAopProxy$CglibMethodInvocation.invokeJoinpoint(CglibAopProxy.java:749) ~[spring-aop-5.1.8.RELEASE.jar!/:5.1.8.RELEASE]
	at org.springframework.aop.framework.ReflectiveMethodInvocation.proceed(ReflectiveMethodInvocation.java:163) ~[spring-aop-5.1.8.RELEASE.jar!/:5.1.8.RELEASE]
	at org.springframework.aop.interceptor.AsyncExecutionInterceptor.lambda$invoke$0(AsyncExecutionInterceptor.java:115) ~[spring-aop-5.1.8.RELEASE.jar!/:5.1.8.RELEASE]
	at java.util.concurrent.FutureTask.run(FutureTask.java:266) ~[na:1.8.0_252]
	at java.util.concurrent.ThreadPoolExecutor.runWorker(ThreadPoolExecutor.java:1149) ~[na:1.8.0_252]
	at java.util.concurrent.ThreadPoolExecutor$Worker.run(ThreadPoolExecutor.java:624) ~[na:1.8.0_252]
	at java.lang.Thread.run(Thread.java:748) ~[na:1.8.0_252]
Caused by: javax.mail.MessagingException: Could not connect to SMTP host: smtp.163.com, port: 465, response: -1
	at com.sun.mail.smtp.SMTPTransport.openServer(SMTPTransport.java:2197) ~[javax.mail-1.6.2.jar!/:1.6.2]
	at com.sun.mail.smtp.SMTPTransport.protocolConnect(SMTPTransport.java:740) ~[javax.mail-1.6.2.jar!/:1.6.2]
	at javax.mail.Service.connect(Service.java:366) ~[javax.mail-1.6.2.jar!/:1.6.2]
	at org.springframework.mail.javamail.JavaMailSenderImpl.connectTransport(JavaMailSenderImpl.java:517) ~[spring-context-support-5.1.8.RELEASE.jar!/:5.1.8.RELEASE]
	at org.springframework.mail.javamail.JavaMailSenderImpl.doSend(JavaMailSenderImpl.java:436) ~[spring-context-support-5.1.8.RELEASE.jar!/:5.1.8.RELEASE]
	... 12 common frames omitted

2020-08-13 22:33:47.038  WARN 14296 --- [io-8864-exec-10] .w.s.m.s.DefaultHandlerExceptionResolver : Resolved [org.springframework.web.HttpRequestMethodNotSupportedException: Request method 'GET' not supported]
2020-08-13 22:35:27.260  WARN 14296 --- [nio-8864-exec-5] .w.s.m.s.DefaultHandlerExceptionResolver : Resolved [org.springframework.web.HttpRequestMethodNotSupportedException: Request method 'GET' not supported]
/usr/local/video/wx87f45e3a8aa23de6.o6zAJs2wSw1BCN4SS2aaEbmuQmBA.25CKk4f1lc2C1f00c444e8d3ecda543500ed5218c3ab.png
2020-08-13 22:35:54.545  WARN 14296 --- [nio-8864-exec-9] .w.s.m.s.DefaultHandlerExceptionResolver : Resolved [org.springframework.web.HttpRequestMethodNotSupportedException: Request method 'GET' not supported]
/usr/local/video/wx87f45e3a8aa23de6.o6zAJs2wSw1BCN4SS2aaEbmuQmBA.qwy4xNpC8CCW1f00c444e8d3ecda543500ed5218c3ab.png
2020-08-13 22:38:34.650 ERROR 14296 --- [nio-8864-exec-9] o.a.c.c.C.[.[.[/].[dispatcherServlet]    : Servlet.service() for servlet [dispatcherServlet] in context with path [] threw exception [Request processing failed; nested exception is java.lang.NullPointerException] with root cause

java.lang.NullPointerException: null
	at edu.scau.common.Service.impl.AuthenticationMessageServiceImpl.to_authentication(AuthenticationMessageServiceImpl.java:52) ~[classes!/:1.0-SNAPSHOT]
	at edu.scau.common.Service.impl.AuthenticationMessageServiceImpl$$FastClassBySpringCGLIB$$fea2144a.invoke(<generated>) ~[classes!/:1.0-SNAPSHOT]
	at org.springframework.cglib.proxy.MethodProxy.invoke(MethodProxy.java:218) ~[spring-core-5.1.8.RELEASE.jar!/:5.1.8.RELEASE]
	at org.springframework.aop.framework.CglibAopProxy$DynamicAdvisedInterceptor.intercept(CglibAopProxy.java:684) ~[spring-aop-5.1.8.RELEASE.jar!/:5.1.8.RELEASE]
	at edu.scau.common.Service.impl.AuthenticationMessageServiceImpl$$EnhancerBySpringCGLIB$$732d5cca.to_authentication(<generated>) ~[classes!/:1.0-SNAPSHOT]
	at edu.scau.common.controller.AuthenticationMessageController.sendAuthenticationMessage(AuthenticationMessageController.java:44) ~[classes!/:1.0-SNAPSHOT]
	at sun.reflect.NativeMethodAccessorImpl.invoke0(Native Method) ~[na:1.8.0_252]
	at sun.reflect.NativeMethodAccessorImpl.invoke(NativeMethodAccessorImpl.java:62) ~[na:1.8.0_252]
	at sun.reflect.DelegatingMethodAccessorImpl.invoke(DelegatingMethodAccessorImpl.java:43) ~[na:1.8.0_252]
	at java.lang.reflect.Method.invoke(Method.java:498) ~[na:1.8.0_252]
	at org.springframework.web.method.support.InvocableHandlerMethod.doInvoke(InvocableHandlerMethod.java:190) ~[spring-web-5.1.8.RELEASE.jar!/:5.1.8.RELEASE]
	at org.springframework.web.method.support.InvocableHandlerMethod.invokeForRequest(InvocableHandlerMethod.java:138) ~[spring-web-5.1.8.RELEASE.jar!/:5.1.8.RELEASE]
	at org.springframework.web.servlet.mvc.method.annotation.ServletInvocableHandlerMethod.invokeAndHandle(ServletInvocableHandlerMethod.java:104) ~[spring-webmvc-5.1.8.RELEASE.jar!/:5.1.8.RELEASE]
	at org.springframework.web.servlet.mvc.method.annotation.RequestMappingHandlerAdapter.invokeHandlerMethod(RequestMappingHandlerAdapter.java:892) ~[spring-webmvc-5.1.8.RELEASE.jar!/:5.1.8.RELEASE]
	at org.springframework.web.servlet.mvc.method.annotation.RequestMappingHandlerAdapter.handleInternal(RequestMappingHandlerAdapter.java:797) ~[spring-webmvc-5.1.8.RELEASE.jar!/:5.1.8.RELEASE]
	at org.springframework.web.servlet.mvc.method.AbstractHandlerMethodAdapter.handle(AbstractHandlerMethodAdapter.java:87) ~[spring-webmvc-5.1.8.RELEASE.jar!/:5.1.8.RELEASE]
	at org.springframework.web.servlet.DispatcherServlet.doDispatch(DispatcherServlet.java:1039) ~[spring-webmvc-5.1.8.RELEASE.jar!/:5.1.8.RELEASE]
	at org.springframework.web.servlet.DispatcherServlet.doService(DispatcherServlet.java:942) ~[spring-webmvc-5.1.8.RELEASE.jar!/:5.1.8.RELEASE]
	at org.springframework.web.servlet.FrameworkServlet.processRequest(FrameworkServlet.java:1005) ~[spring-webmvc-5.1.8.RELEASE.jar!/:5.1.8.RELEASE]
	at org.springframework.web.servlet.FrameworkServlet.doPost(FrameworkServlet.java:908) ~[spring-webmvc-5.1.8.RELEASE.jar!/:5.1.8.RELEASE]
	at javax.servlet.http.HttpServlet.service(HttpServlet.java:660) ~[tomcat-embed-core-9.0.21.jar!/:9.0.21]
	at org.springframework.web.servlet.FrameworkServlet.service(FrameworkServlet.java:882) ~[spring-webmvc-5.1.8.RELEASE.jar!/:5.1.8.RELEASE]
	at javax.servlet.http.HttpServlet.service(HttpServlet.java:741) ~[tomcat-embed-core-9.0.21.jar!/:9.0.21]
	at org.apache.catalina.core.ApplicationFilterChain.internalDoFilter(ApplicationFilterChain.java:231) ~[tomcat-embed-core-9.0.21.jar!/:9.0.21]
	at org.apache.catalina.core.ApplicationFilterChain.doFilter(ApplicationFilterChain.java:166) ~[tomcat-embed-core-9.0.21.jar!/:9.0.21]
	at org.apache.tomcat.websocket.server.WsFilter.doFilter(WsFilter.java:53) ~[tomcat-embed-websocket-9.0.21.jar!/:9.0.21]
	at org.apache.catalina.core.ApplicationFilterChain.internalDoFilter(ApplicationFilterChain.java:193) ~[tomcat-embed-core-9.0.21.jar!/:9.0.21]
	at org.apache.catalina.core.ApplicationFilterChain.doFilter(ApplicationFilterChain.java:166) ~[tomcat-embed-core-9.0.21.jar!/:9.0.21]
	at org.springframework.web.filter.CorsFilter.doFilterInternal(CorsFilter.java:96) ~[spring-web-5.1.8.RELEASE.jar!/:5.1.8.RELEASE]
	at org.springframework.web.filter.OncePerRequestFilter.doFilter(OncePerRequestFilter.java:109) ~[spring-web-5.1.8.RELEASE.jar!/:5.1.8.RELEASE]
	at org.apache.catalina.core.ApplicationFilterChain.internalDoFilter(ApplicationFilterChain.java:193) ~[tomcat-embed-core-9.0.21.jar!/:9.0.21]
	at org.apache.catalina.core.ApplicationFilterChain.doFilter(ApplicationFilterChain.java:166) ~[tomcat-embed-core-9.0.21.jar!/:9.0.21]
	at org.springframework.web.filter.RequestContextFilter.doFilterInternal(RequestContextFilter.java:99) ~[spring-web-5.1.8.RELEASE.jar!/:5.1.8.RELEASE]
	at org.springframework.web.filter.OncePerRequestFilter.doFilter(OncePerRequestFilter.java:109) ~[spring-web-5.1.8.RELEASE.jar!/:5.1.8.RELEASE]
	at org.apache.catalina.core.ApplicationFilterChain.internalDoFilter(ApplicationFilterChain.java:193) ~[tomcat-embed-core-9.0.21.jar!/:9.0.21]
	at org.apache.catalina.core.ApplicationFilterChain.doFilter(ApplicationFilterChain.java:166) ~[tomcat-embed-core-9.0.21.jar!/:9.0.21]
	at org.springframework.web.filter.FormContentFilter.doFilterInternal(FormContentFilter.java:92) ~[spring-web-5.1.8.RELEASE.jar!/:5.1.8.RELEASE]
	at org.springframework.web.filter.OncePerRequestFilter.doFilter(OncePerRequestFilter.java:109) ~[spring-web-5.1.8.RELEASE.jar!/:5.1.8.RELEASE]
	at org.apache.catalina.core.ApplicationFilterChain.internalDoFilter(ApplicationFilterChain.java:193) ~[tomcat-embed-core-9.0.21.jar!/:9.0.21]
	at org.apache.catalina.core.ApplicationFilterChain.doFilter(ApplicationFilterChain.java:166) ~[tomcat-embed-core-9.0.21.jar!/:9.0.21]
	at org.springframework.web.filter.HiddenHttpMethodFilter.doFilterInternal(HiddenHttpMethodFilter.java:93) ~[spring-web-5.1.8.RELEASE.jar!/:5.1.8.RELEASE]
	at org.springframework.web.filter.OncePerRequestFilter.doFilter(OncePerRequestFilter.java:109) ~[spring-web-5.1.8.RELEASE.jar!/:5.1.8.RELEASE]
	at org.apache.catalina.core.ApplicationFilterChain.internalDoFilter(ApplicationFilterChain.java:193) ~[tomcat-embed-core-9.0.21.jar!/:9.0.21]
	at org.apache.catalina.core.ApplicationFilterChain.doFilter(ApplicationFilterChain.java:166) ~[tomcat-embed-core-9.0.21.jar!/:9.0.21]
	at org.springframework.web.filter.CharacterEncodingFilter.doFilterInternal(CharacterEncodingFilter.java:200) ~[spring-web-5.1.8.RELEASE.jar!/:5.1.8.RELEASE]
	at org.springframework.web.filter.OncePerRequestFilter.doFilter(OncePerRequestFilter.java:109) ~[spring-web-5.1.8.RELEASE.jar!/:5.1.8.RELEASE]
	at org.apache.catalina.core.ApplicationFilterChain.internalDoFilter(ApplicationFilterChain.java:193) ~[tomcat-embed-core-9.0.21.jar!/:9.0.21]
	at org.apache.catalina.core.ApplicationFilterChain.doFilter(ApplicationFilterChain.java:166) ~[tomcat-embed-core-9.0.21.jar!/:9.0.21]
	at org.apache.catalina.core.StandardWrapperValve.invoke(StandardWrapperValve.java:202) ~[tomcat-embed-core-9.0.21.jar!/:9.0.21]
	at org.apache.catalina.core.StandardContextValve.invoke(StandardContextValve.java:96) [tomcat-embed-core-9.0.21.jar!/:9.0.21]
	at org.apache.catalina.authenticator.AuthenticatorBase.invoke(AuthenticatorBase.java:490) [tomcat-embed-core-9.0.21.jar!/:9.0.21]
	at org.apache.catalina.core.StandardHostValve.invoke(StandardHostValve.java:139) [tomcat-embed-core-9.0.21.jar!/:9.0.21]
	at org.apache.catalina.valves.ErrorReportValve.invoke(ErrorReportValve.java:92) [tomcat-embed-core-9.0.21.jar!/:9.0.21]
	at org.apache.catalina.core.StandardEngineValve.invoke(StandardEngineValve.java:74) [tomcat-embed-core-9.0.21.jar!/:9.0.21]
	at org.apache.catalina.connector.CoyoteAdapter.service(CoyoteAdapter.java:343) [tomcat-embed-core-9.0.21.jar!/:9.0.21]
	at org.apache.coyote.http11.Http11Processor.service(Http11Processor.java:408) [tomcat-embed-core-9.0.21.jar!/:9.0.21]
	at org.apache.coyote.AbstractProcessorLight.process(AbstractProcessorLight.java:66) [tomcat-embed-core-9.0.21.jar!/:9.0.21]
	at org.apache.coyote.AbstractProtocol$ConnectionHandler.process(AbstractProtocol.java:853) [tomcat-embed-core-9.0.21.jar!/:9.0.21]
	at org.apache.tomcat.util.net.NioEndpoint$SocketProcessor.doRun(NioEndpoint.java:1587) [tomcat-embed-core-9.0.21.jar!/:9.0.21]
	at org.apache.tomcat.util.net.SocketProcessorBase.run(SocketProcessorBase.java:49) [tomcat-embed-core-9.0.21.jar!/:9.0.21]
	at java.util.concurrent.ThreadPoolExecutor.runWorker(ThreadPoolExecutor.java:1149) [na:1.8.0_252]
	at java.util.concurrent.ThreadPoolExecutor$Worker.run(ThreadPoolExecutor.java:624) [na:1.8.0_252]
	at org.apache.tomcat.util.threads.TaskThread$WrappingRunnable.run(TaskThread.java:61) [tomcat-embed-core-9.0.21.jar!/:9.0.21]
	at java.lang.Thread.run(Thread.java:748) [na:1.8.0_252]

2020-08-13 22:38:40.240 ERROR 14296 --- [   DailyAsync-5] .a.i.SimpleAsyncUncaughtExceptionHandler : Unexpected exception occurred invoking async method: public void edu.scau.common.utils.SendMail.sendMail(java.util.List,java.lang.String) throws javax.mail.MessagingException,java.io.IOException

org.springframework.mail.MailSendException: Mail server connection failed; nested exception is javax.mail.MessagingException: Could not connect to SMTP host: smtp.163.com, port: 465, response: -1. Failed messages: javax.mail.MessagingException: Could not connect to SMTP host: smtp.163.com, port: 465, response: -1
	at org.springframework.mail.javamail.JavaMailSenderImpl.doSend(JavaMailSenderImpl.java:447) ~[spring-context-support-5.1.8.RELEASE.jar!/:5.1.8.RELEASE]
	at org.springframework.mail.javamail.JavaMailSenderImpl.send(JavaMailSenderImpl.java:360) ~[spring-context-support-5.1.8.RELEASE.jar!/:5.1.8.RELEASE]
	at org.springframework.mail.javamail.JavaMailSenderImpl.send(JavaMailSenderImpl.java:355) ~[spring-context-support-5.1.8.RELEASE.jar!/:5.1.8.RELEASE]
	at edu.scau.common.utils.SendMail.sendMail(SendMail.java:57) ~[classes!/:1.0-SNAPSHOT]
	at edu.scau.common.utils.SendMail$$FastClassBySpringCGLIB$$db5369cd.invoke(<generated>) ~[classes!/:1.0-SNAPSHOT]
	at org.springframework.cglib.proxy.MethodProxy.invoke(MethodProxy.java:218) ~[spring-core-5.1.8.RELEASE.jar!/:5.1.8.RELEASE]
	at org.springframework.aop.framework.CglibAopProxy$CglibMethodInvocation.invokeJoinpoint(CglibAopProxy.java:749) ~[spring-aop-5.1.8.RELEASE.jar!/:5.1.8.RELEASE]
	at org.springframework.aop.framework.ReflectiveMethodInvocation.proceed(ReflectiveMethodInvocation.java:163) ~[spring-aop-5.1.8.RELEASE.jar!/:5.1.8.RELEASE]
	at org.springframework.aop.interceptor.AsyncExecutionInterceptor.lambda$invoke$0(AsyncExecutionInterceptor.java:115) ~[spring-aop-5.1.8.RELEASE.jar!/:5.1.8.RELEASE]
	at java.util.concurrent.FutureTask.run(FutureTask.java:266) ~[na:1.8.0_252]
	at java.util.concurrent.ThreadPoolExecutor.runWorker(ThreadPoolExecutor.java:1149) ~[na:1.8.0_252]
	at java.util.concurrent.ThreadPoolExecutor$Worker.run(ThreadPoolExecutor.java:624) ~[na:1.8.0_252]
	at java.lang.Thread.run(Thread.java:748) ~[na:1.8.0_252]
Caused by: javax.mail.MessagingException: Could not connect to SMTP host: smtp.163.com, port: 465, response: -1
	at com.sun.mail.smtp.SMTPTransport.openServer(SMTPTransport.java:2197) ~[javax.mail-1.6.2.jar!/:1.6.2]
	at com.sun.mail.smtp.SMTPTransport.protocolConnect(SMTPTransport.java:740) ~[javax.mail-1.6.2.jar!/:1.6.2]
	at javax.mail.Service.connect(Service.java:366) ~[javax.mail-1.6.2.jar!/:1.6.2]
	at org.springframework.mail.javamail.JavaMailSenderImpl.connectTransport(JavaMailSenderImpl.java:517) ~[spring-context-support-5.1.8.RELEASE.jar!/:5.1.8.RELEASE]
	at org.springframework.mail.javamail.JavaMailSenderImpl.doSend(JavaMailSenderImpl.java:436) ~[spring-context-support-5.1.8.RELEASE.jar!/:5.1.8.RELEASE]
	... 12 common frames omitted

/usr/local/video/wx87f45e3a8aa23de6.o6zAJs2wSw1BCN4SS2aaEbmuQmBA.qwy4xNpC8CCW1f00c444e8d3ecda543500ed5218c3ab.png
2020-08-13 22:39:26.955 ERROR 14296 --- [nio-8864-exec-5] o.a.c.c.C.[.[.[/].[dispatcherServlet]    : Servlet.service() for servlet [dispatcherServlet] in context with path [] threw exception [Request processing failed; nested exception is java.lang.NullPointerException] with root cause

java.lang.NullPointerException: null
	at edu.scau.common.Service.impl.AuthenticationMessageServiceImpl.to_authentication(AuthenticationMessageServiceImpl.java:52) ~[classes!/:1.0-SNAPSHOT]
	at edu.scau.common.Service.impl.AuthenticationMessageServiceImpl$$FastClassBySpringCGLIB$$fea2144a.invoke(<generated>) ~[classes!/:1.0-SNAPSHOT]
	at org.springframework.cglib.proxy.MethodProxy.invoke(MethodProxy.java:218) ~[spring-core-5.1.8.RELEASE.jar!/:5.1.8.RELEASE]
	at org.springframework.aop.framework.CglibAopProxy$DynamicAdvisedInterceptor.intercept(CglibAopProxy.java:684) ~[spring-aop-5.1.8.RELEASE.jar!/:5.1.8.RELEASE]
	at edu.scau.common.Service.impl.AuthenticationMessageServiceImpl$$EnhancerBySpringCGLIB$$732d5cca.to_authentication(<generated>) ~[classes!/:1.0-SNAPSHOT]
	at edu.scau.common.controller.AuthenticationMessageController.sendAuthenticationMessage(AuthenticationMessageController.java:44) ~[classes!/:1.0-SNAPSHOT]
	at sun.reflect.NativeMethodAccessorImpl.invoke0(Native Method) ~[na:1.8.0_252]
	at sun.reflect.NativeMethodAccessorImpl.invoke(NativeMethodAccessorImpl.java:62) ~[na:1.8.0_252]
	at sun.reflect.DelegatingMethodAccessorImpl.invoke(DelegatingMethodAccessorImpl.java:43) ~[na:1.8.0_252]
	at java.lang.reflect.Method.invoke(Method.java:498) ~[na:1.8.0_252]
	at org.springframework.web.method.support.InvocableHandlerMethod.doInvoke(InvocableHandlerMethod.java:190) ~[spring-web-5.1.8.RELEASE.jar!/:5.1.8.RELEASE]
	at org.springframework.web.method.support.InvocableHandlerMethod.invokeForRequest(InvocableHandlerMethod.java:138) ~[spring-web-5.1.8.RELEASE.jar!/:5.1.8.RELEASE]
	at org.springframework.web.servlet.mvc.method.annotation.ServletInvocableHandlerMethod.invokeAndHandle(ServletInvocableHandlerMethod.java:104) ~[spring-webmvc-5.1.8.RELEASE.jar!/:5.1.8.RELEASE]
	at org.springframework.web.servlet.mvc.method.annotation.RequestMappingHandlerAdapter.invokeHandlerMethod(RequestMappingHandlerAdapter.java:892) ~[spring-webmvc-5.1.8.RELEASE.jar!/:5.1.8.RELEASE]
	at org.springframework.web.servlet.mvc.method.annotation.RequestMappingHandlerAdapter.handleInternal(RequestMappingHandlerAdapter.java:797) ~[spring-webmvc-5.1.8.RELEASE.jar!/:5.1.8.RELEASE]
	at org.springframework.web.servlet.mvc.method.AbstractHandlerMethodAdapter.handle(AbstractHandlerMethodAdapter.java:87) ~[spring-webmvc-5.1.8.RELEASE.jar!/:5.1.8.RELEASE]
	at org.springframework.web.servlet.DispatcherServlet.doDispatch(DispatcherServlet.java:1039) ~[spring-webmvc-5.1.8.RELEASE.jar!/:5.1.8.RELEASE]
	at org.springframework.web.servlet.DispatcherServlet.doService(DispatcherServlet.java:942) ~[spring-webmvc-5.1.8.RELEASE.jar!/:5.1.8.RELEASE]
	at org.springframework.web.servlet.FrameworkServlet.processRequest(FrameworkServlet.java:1005) ~[spring-webmvc-5.1.8.RELEASE.jar!/:5.1.8.RELEASE]
	at org.springframework.web.servlet.FrameworkServlet.doPost(FrameworkServlet.java:908) ~[spring-webmvc-5.1.8.RELEASE.jar!/:5.1.8.RELEASE]
	at javax.servlet.http.HttpServlet.service(HttpServlet.java:660) ~[tomcat-embed-core-9.0.21.jar!/:9.0.21]
	at org.springframework.web.servlet.FrameworkServlet.service(FrameworkServlet.java:882) ~[spring-webmvc-5.1.8.RELEASE.jar!/:5.1.8.RELEASE]
	at javax.servlet.http.HttpServlet.service(HttpServlet.java:741) ~[tomcat-embed-core-9.0.21.jar!/:9.0.21]
	at org.apache.catalina.core.ApplicationFilterChain.internalDoFilter(ApplicationFilterChain.java:231) ~[tomcat-embed-core-9.0.21.jar!/:9.0.21]
	at org.apache.catalina.core.ApplicationFilterChain.doFilter(ApplicationFilterChain.java:166) ~[tomcat-embed-core-9.0.21.jar!/:9.0.21]
	at org.apache.tomcat.websocket.server.WsFilter.doFilter(WsFilter.java:53) ~[tomcat-embed-websocket-9.0.21.jar!/:9.0.21]
	at org.apache.catalina.core.ApplicationFilterChain.internalDoFilter(ApplicationFilterChain.java:193) ~[tomcat-embed-core-9.0.21.jar!/:9.0.21]
	at org.apache.catalina.core.ApplicationFilterChain.doFilter(ApplicationFilterChain.java:166) ~[tomcat-embed-core-9.0.21.jar!/:9.0.21]
	at org.springframework.web.filter.CorsFilter.doFilterInternal(CorsFilter.java:96) ~[spring-web-5.1.8.RELEASE.jar!/:5.1.8.RELEASE]
	at org.springframework.web.filter.OncePerRequestFilter.doFilter(OncePerRequestFilter.java:109) ~[spring-web-5.1.8.RELEASE.jar!/:5.1.8.RELEASE]
	at org.apache.catalina.core.ApplicationFilterChain.internalDoFilter(ApplicationFilterChain.java:193) ~[tomcat-embed-core-9.0.21.jar!/:9.0.21]
	at org.apache.catalina.core.ApplicationFilterChain.doFilter(ApplicationFilterChain.java:166) ~[tomcat-embed-core-9.0.21.jar!/:9.0.21]
	at org.springframework.web.filter.RequestContextFilter.doFilterInternal(RequestContextFilter.java:99) ~[spring-web-5.1.8.RELEASE.jar!/:5.1.8.RELEASE]
	at org.springframework.web.filter.OncePerRequestFilter.doFilter(OncePerRequestFilter.java:109) ~[spring-web-5.1.8.RELEASE.jar!/:5.1.8.RELEASE]
	at org.apache.catalina.core.ApplicationFilterChain.internalDoFilter(ApplicationFilterChain.java:193) ~[tomcat-embed-core-9.0.21.jar!/:9.0.21]
	at org.apache.catalina.core.ApplicationFilterChain.doFilter(ApplicationFilterChain.java:166) ~[tomcat-embed-core-9.0.21.jar!/:9.0.21]
	at org.springframework.web.filter.FormContentFilter.doFilterInternal(FormContentFilter.java:92) ~[spring-web-5.1.8.RELEASE.jar!/:5.1.8.RELEASE]
	at org.springframework.web.filter.OncePerRequestFilter.doFilter(OncePerRequestFilter.java:109) ~[spring-web-5.1.8.RELEASE.jar!/:5.1.8.RELEASE]
	at org.apache.catalina.core.ApplicationFilterChain.internalDoFilter(ApplicationFilterChain.java:193) ~[tomcat-embed-core-9.0.21.jar!/:9.0.21]
	at org.apache.catalina.core.ApplicationFilterChain.doFilter(ApplicationFilterChain.java:166) ~[tomcat-embed-core-9.0.21.jar!/:9.0.21]
	at org.springframework.web.filter.HiddenHttpMethodFilter.doFilterInternal(HiddenHttpMethodFilter.java:93) ~[spring-web-5.1.8.RELEASE.jar!/:5.1.8.RELEASE]
	at org.springframework.web.filter.OncePerRequestFilter.doFilter(OncePerRequestFilter.java:109) ~[spring-web-5.1.8.RELEASE.jar!/:5.1.8.RELEASE]
	at org.apache.catalina.core.ApplicationFilterChain.internalDoFilter(ApplicationFilterChain.java:193) ~[tomcat-embed-core-9.0.21.jar!/:9.0.21]
	at org.apache.catalina.core.ApplicationFilterChain.doFilter(ApplicationFilterChain.java:166) ~[tomcat-embed-core-9.0.21.jar!/:9.0.21]
	at org.springframework.web.filter.CharacterEncodingFilter.doFilterInternal(CharacterEncodingFilter.java:200) ~[spring-web-5.1.8.RELEASE.jar!/:5.1.8.RELEASE]
	at org.springframework.web.filter.OncePerRequestFilter.doFilter(OncePerRequestFilter.java:109) ~[spring-web-5.1.8.RELEASE.jar!/:5.1.8.RELEASE]
	at org.apache.catalina.core.ApplicationFilterChain.internalDoFilter(ApplicationFilterChain.java:193) ~[tomcat-embed-core-9.0.21.jar!/:9.0.21]
	at org.apache.catalina.core.ApplicationFilterChain.doFilter(ApplicationFilterChain.java:166) ~[tomcat-embed-core-9.0.21.jar!/:9.0.21]
	at org.apache.catalina.core.StandardWrapperValve.invoke(StandardWrapperValve.java:202) ~[tomcat-embed-core-9.0.21.jar!/:9.0.21]
	at org.apache.catalina.core.StandardContextValve.invoke(StandardContextValve.java:96) [tomcat-embed-core-9.0.21.jar!/:9.0.21]
	at org.apache.catalina.authenticator.AuthenticatorBase.invoke(AuthenticatorBase.java:490) [tomcat-embed-core-9.0.21.jar!/:9.0.21]
	at org.apache.catalina.core.StandardHostValve.invoke(StandardHostValve.java:139) [tomcat-embed-core-9.0.21.jar!/:9.0.21]
	at org.apache.catalina.valves.ErrorReportValve.invoke(ErrorReportValve.java:92) [tomcat-embed-core-9.0.21.jar!/:9.0.21]
	at org.apache.catalina.core.StandardEngineValve.invoke(StandardEngineValve.java:74) [tomcat-embed-core-9.0.21.jar!/:9.0.21]
	at org.apache.catalina.connector.CoyoteAdapter.service(CoyoteAdapter.java:343) [tomcat-embed-core-9.0.21.jar!/:9.0.21]
	at org.apache.coyote.http11.Http11Processor.service(Http11Processor.java:408) [tomcat-embed-core-9.0.21.jar!/:9.0.21]
	at org.apache.coyote.AbstractProcessorLight.process(AbstractProcessorLight.java:66) [tomcat-embed-core-9.0.21.jar!/:9.0.21]
	at org.apache.coyote.AbstractProtocol$ConnectionHandler.process(AbstractProtocol.java:853) [tomcat-embed-core-9.0.21.jar!/:9.0.21]
	at org.apache.tomcat.util.net.NioEndpoint$SocketProcessor.doRun(NioEndpoint.java:1587) [tomcat-embed-core-9.0.21.jar!/:9.0.21]
	at org.apache.tomcat.util.net.SocketProcessorBase.run(SocketProcessorBase.java:49) [tomcat-embed-core-9.0.21.jar!/:9.0.21]
	at java.util.concurrent.ThreadPoolExecutor.runWorker(ThreadPoolExecutor.java:1149) [na:1.8.0_252]
	at java.util.concurrent.ThreadPoolExecutor$Worker.run(ThreadPoolExecutor.java:624) [na:1.8.0_252]
	at org.apache.tomcat.util.threads.TaskThread$WrappingRunnable.run(TaskThread.java:61) [tomcat-embed-core-9.0.21.jar!/:9.0.21]
	at java.lang.Thread.run(Thread.java:748) [na:1.8.0_252]

2020-08-13 22:40:12.910  WARN 14296 --- [nio-8864-exec-3] .w.s.m.s.DefaultHandlerExceptionResolver : Resolved [org.springframework.web.HttpRequestMethodNotSupportedException: Request method 'GET' not supported]
/usr/local/video/wx87f45e3a8aa23de6.o6zAJs2wSw1BCN4SS2aaEbmuQmBA.mabCFKacxOlv1f00c444e8d3ecda543500ed5218c3ab.png
2020-08-13 22:40:53.233 ERROR 14296 --- [nio-8864-exec-6] o.a.c.c.C.[.[.[/].[dispatcherServlet]    : Servlet.service() for servlet [dispatcherServlet] in context with path [] threw exception [Request processing failed; nested exception is java.lang.NullPointerException] with root cause

java.lang.NullPointerException: null
	at edu.scau.common.Service.impl.AuthenticationMessageServiceImpl.to_authentication(AuthenticationMessageServiceImpl.java:52) ~[classes!/:1.0-SNAPSHOT]
	at edu.scau.common.Service.impl.AuthenticationMessageServiceImpl$$FastClassBySpringCGLIB$$fea2144a.invoke(<generated>) ~[classes!/:1.0-SNAPSHOT]
	at org.springframework.cglib.proxy.MethodProxy.invoke(MethodProxy.java:218) ~[spring-core-5.1.8.RELEASE.jar!/:5.1.8.RELEASE]
	at org.springframework.aop.framework.CglibAopProxy$DynamicAdvisedInterceptor.intercept(CglibAopProxy.java:684) ~[spring-aop-5.1.8.RELEASE.jar!/:5.1.8.RELEASE]
	at edu.scau.common.Service.impl.AuthenticationMessageServiceImpl$$EnhancerBySpringCGLIB$$732d5cca.to_authentication(<generated>) ~[classes!/:1.0-SNAPSHOT]
	at edu.scau.common.controller.AuthenticationMessageController.sendAuthenticationMessage(AuthenticationMessageController.java:44) ~[classes!/:1.0-SNAPSHOT]
	at sun.reflect.NativeMethodAccessorImpl.invoke0(Native Method) ~[na:1.8.0_252]
	at sun.reflect.NativeMethodAccessorImpl.invoke(NativeMethodAccessorImpl.java:62) ~[na:1.8.0_252]
	at sun.reflect.DelegatingMethodAccessorImpl.invoke(DelegatingMethodAccessorImpl.java:43) ~[na:1.8.0_252]
	at java.lang.reflect.Method.invoke(Method.java:498) ~[na:1.8.0_252]
	at org.springframework.web.method.support.InvocableHandlerMethod.doInvoke(InvocableHandlerMethod.java:190) ~[spring-web-5.1.8.RELEASE.jar!/:5.1.8.RELEASE]
	at org.springframework.web.method.support.InvocableHandlerMethod.invokeForRequest(InvocableHandlerMethod.java:138) ~[spring-web-5.1.8.RELEASE.jar!/:5.1.8.RELEASE]
	at org.springframework.web.servlet.mvc.method.annotation.ServletInvocableHandlerMethod.invokeAndHandle(ServletInvocableHandlerMethod.java:104) ~[spring-webmvc-5.1.8.RELEASE.jar!/:5.1.8.RELEASE]
	at org.springframework.web.servlet.mvc.method.annotation.RequestMappingHandlerAdapter.invokeHandlerMethod(RequestMappingHandlerAdapter.java:892) ~[spring-webmvc-5.1.8.RELEASE.jar!/:5.1.8.RELEASE]
	at org.springframework.web.servlet.mvc.method.annotation.RequestMappingHandlerAdapter.handleInternal(RequestMappingHandlerAdapter.java:797) ~[spring-webmvc-5.1.8.RELEASE.jar!/:5.1.8.RELEASE]
	at org.springframework.web.servlet.mvc.method.AbstractHandlerMethodAdapter.handle(AbstractHandlerMethodAdapter.java:87) ~[spring-webmvc-5.1.8.RELEASE.jar!/:5.1.8.RELEASE]
	at org.springframework.web.servlet.DispatcherServlet.doDispatch(DispatcherServlet.java:1039) ~[spring-webmvc-5.1.8.RELEASE.jar!/:5.1.8.RELEASE]
	at org.springframework.web.servlet.DispatcherServlet.doService(DispatcherServlet.java:942) ~[spring-webmvc-5.1.8.RELEASE.jar!/:5.1.8.RELEASE]
	at org.springframework.web.servlet.FrameworkServlet.processRequest(FrameworkServlet.java:1005) ~[spring-webmvc-5.1.8.RELEASE.jar!/:5.1.8.RELEASE]
	at org.springframework.web.servlet.FrameworkServlet.doPost(FrameworkServlet.java:908) ~[spring-webmvc-5.1.8.RELEASE.jar!/:5.1.8.RELEASE]
	at javax.servlet.http.HttpServlet.service(HttpServlet.java:660) ~[tomcat-embed-core-9.0.21.jar!/:9.0.21]
	at org.springframework.web.servlet.FrameworkServlet.service(FrameworkServlet.java:882) ~[spring-webmvc-5.1.8.RELEASE.jar!/:5.1.8.RELEASE]
	at javax.servlet.http.HttpServlet.service(HttpServlet.java:741) ~[tomcat-embed-core-9.0.21.jar!/:9.0.21]
	at org.apache.catalina.core.ApplicationFilterChain.internalDoFilter(ApplicationFilterChain.java:231) ~[tomcat-embed-core-9.0.21.jar!/:9.0.21]
	at org.apache.catalina.core.ApplicationFilterChain.doFilter(ApplicationFilterChain.java:166) ~[tomcat-embed-core-9.0.21.jar!/:9.0.21]
	at org.apache.tomcat.websocket.server.WsFilter.doFilter(WsFilter.java:53) ~[tomcat-embed-websocket-9.0.21.jar!/:9.0.21]
	at org.apache.catalina.core.ApplicationFilterChain.internalDoFilter(ApplicationFilterChain.java:193) ~[tomcat-embed-core-9.0.21.jar!/:9.0.21]
	at org.apache.catalina.core.ApplicationFilterChain.doFilter(ApplicationFilterChain.java:166) ~[tomcat-embed-core-9.0.21.jar!/:9.0.21]
	at org.springframework.web.filter.CorsFilter.doFilterInternal(CorsFilter.java:96) ~[spring-web-5.1.8.RELEASE.jar!/:5.1.8.RELEASE]
	at org.springframework.web.filter.OncePerRequestFilter.doFilter(OncePerRequestFilter.java:109) ~[spring-web-5.1.8.RELEASE.jar!/:5.1.8.RELEASE]
	at org.apache.catalina.core.ApplicationFilterChain.internalDoFilter(ApplicationFilterChain.java:193) ~[tomcat-embed-core-9.0.21.jar!/:9.0.21]
	at org.apache.catalina.core.ApplicationFilterChain.doFilter(ApplicationFilterChain.java:166) ~[tomcat-embed-core-9.0.21.jar!/:9.0.21]
	at org.springframework.web.filter.RequestContextFilter.doFilterInternal(RequestContextFilter.java:99) ~[spring-web-5.1.8.RELEASE.jar!/:5.1.8.RELEASE]
	at org.springframework.web.filter.OncePerRequestFilter.doFilter(OncePerRequestFilter.java:109) ~[spring-web-5.1.8.RELEASE.jar!/:5.1.8.RELEASE]
	at org.apache.catalina.core.ApplicationFilterChain.internalDoFilter(ApplicationFilterChain.java:193) ~[tomcat-embed-core-9.0.21.jar!/:9.0.21]
	at org.apache.catalina.core.ApplicationFilterChain.doFilter(ApplicationFilterChain.java:166) ~[tomcat-embed-core-9.0.21.jar!/:9.0.21]
	at org.springframework.web.filter.FormContentFilter.doFilterInternal(FormContentFilter.java:92) ~[spring-web-5.1.8.RELEASE.jar!/:5.1.8.RELEASE]
	at org.springframework.web.filter.OncePerRequestFilter.doFilter(OncePerRequestFilter.java:109) ~[spring-web-5.1.8.RELEASE.jar!/:5.1.8.RELEASE]
	at org.apache.catalina.core.ApplicationFilterChain.internalDoFilter(ApplicationFilterChain.java:193) ~[tomcat-embed-core-9.0.21.jar!/:9.0.21]
	at org.apache.catalina.core.ApplicationFilterChain.doFilter(ApplicationFilterChain.java:166) ~[tomcat-embed-core-9.0.21.jar!/:9.0.21]
	at org.springframework.web.filter.HiddenHttpMethodFilter.doFilterInternal(HiddenHttpMethodFilter.java:93) ~[spring-web-5.1.8.RELEASE.jar!/:5.1.8.RELEASE]
	at org.springframework.web.filter.OncePerRequestFilter.doFilter(OncePerRequestFilter.java:109) ~[spring-web-5.1.8.RELEASE.jar!/:5.1.8.RELEASE]
	at org.apache.catalina.core.ApplicationFilterChain.internalDoFilter(ApplicationFilterChain.java:193) ~[tomcat-embed-core-9.0.21.jar!/:9.0.21]
	at org.apache.catalina.core.ApplicationFilterChain.doFilter(ApplicationFilterChain.java:166) ~[tomcat-embed-core-9.0.21.jar!/:9.0.21]
	at org.springframework.web.filter.CharacterEncodingFilter.doFilterInternal(CharacterEncodingFilter.java:200) ~[spring-web-5.1.8.RELEASE.jar!/:5.1.8.RELEASE]
	at org.springframework.web.filter.OncePerRequestFilter.doFilter(OncePerRequestFilter.java:109) ~[spring-web-5.1.8.RELEASE.jar!/:5.1.8.RELEASE]
	at org.apache.catalina.core.ApplicationFilterChain.internalDoFilter(ApplicationFilterChain.java:193) ~[tomcat-embed-core-9.0.21.jar!/:9.0.21]
	at org.apache.catalina.core.ApplicationFilterChain.doFilter(ApplicationFilterChain.java:166) ~[tomcat-embed-core-9.0.21.jar!/:9.0.21]
	at org.apache.catalina.core.StandardWrapperValve.invoke(StandardWrapperValve.java:202) ~[tomcat-embed-core-9.0.21.jar!/:9.0.21]
	at org.apache.catalina.core.StandardContextValve.invoke(StandardContextValve.java:96) [tomcat-embed-core-9.0.21.jar!/:9.0.21]
	at org.apache.catalina.authenticator.AuthenticatorBase.invoke(AuthenticatorBase.java:490) [tomcat-embed-core-9.0.21.jar!/:9.0.21]
	at org.apache.catalina.core.StandardHostValve.invoke(StandardHostValve.java:139) [tomcat-embed-core-9.0.21.jar!/:9.0.21]
	at org.apache.catalina.valves.ErrorReportValve.invoke(ErrorReportValve.java:92) [tomcat-embed-core-9.0.21.jar!/:9.0.21]
	at org.apache.catalina.core.StandardEngineValve.invoke(StandardEngineValve.java:74) [tomcat-embed-core-9.0.21.jar!/:9.0.21]
	at org.apache.catalina.connector.CoyoteAdapter.service(CoyoteAdapter.java:343) [tomcat-embed-core-9.0.21.jar!/:9.0.21]
	at org.apache.coyote.http11.Http11Processor.service(Http11Processor.java:408) [tomcat-embed-core-9.0.21.jar!/:9.0.21]
	at org.apache.coyote.AbstractProcessorLight.process(AbstractProcessorLight.java:66) [tomcat-embed-core-9.0.21.jar!/:9.0.21]
	at org.apache.coyote.AbstractProtocol$ConnectionHandler.process(AbstractProtocol.java:853) [tomcat-embed-core-9.0.21.jar!/:9.0.21]
	at org.apache.tomcat.util.net.NioEndpoint$SocketProcessor.doRun(NioEndpoint.java:1587) [tomcat-embed-core-9.0.21.jar!/:9.0.21]
	at org.apache.tomcat.util.net.SocketProcessorBase.run(SocketProcessorBase.java:49) [tomcat-embed-core-9.0.21.jar!/:9.0.21]
	at java.util.concurrent.ThreadPoolExecutor.runWorker(ThreadPoolExecutor.java:1149) [na:1.8.0_252]
	at java.util.concurrent.ThreadPoolExecutor$Worker.run(ThreadPoolExecutor.java:624) [na:1.8.0_252]
	at org.apache.tomcat.util.threads.TaskThread$WrappingRunnable.run(TaskThread.java:61) [tomcat-embed-core-9.0.21.jar!/:9.0.21]
	at java.lang.Thread.run(Thread.java:748) [na:1.8.0_252]

2020-08-13 22:47:21.284  WARN 14296 --- [nio-8864-exec-3] .w.s.m.s.DefaultHandlerExceptionResolver : Resolved [org.springframework.web.HttpRequestMethodNotSupportedException: Request method 'POST' not supported]
2020-08-13 22:47:44.959 ERROR 14296 --- [   DailyAsync-1] .a.i.SimpleAsyncUncaughtExceptionHandler : Unexpected exception occurred invoking async method: public void edu.scau.common.utils.SendMail.sendMail(java.util.List,java.lang.String) throws javax.mail.MessagingException,java.io.IOException

org.springframework.mail.MailSendException: Mail server connection failed; nested exception is javax.mail.MessagingException: Could not connect to SMTP host: smtp.163.com, port: 465, response: -1. Failed messages: javax.mail.MessagingException: Could not connect to SMTP host: smtp.163.com, port: 465, response: -1
	at org.springframework.mail.javamail.JavaMailSenderImpl.doSend(JavaMailSenderImpl.java:447) ~[spring-context-support-5.1.8.RELEASE.jar!/:5.1.8.RELEASE]
	at org.springframework.mail.javamail.JavaMailSenderImpl.send(JavaMailSenderImpl.java:360) ~[spring-context-support-5.1.8.RELEASE.jar!/:5.1.8.RELEASE]
	at org.springframework.mail.javamail.JavaMailSenderImpl.send(JavaMailSenderImpl.java:355) ~[spring-context-support-5.1.8.RELEASE.jar!/:5.1.8.RELEASE]
	at edu.scau.common.utils.SendMail.sendMail(SendMail.java:57) ~[classes!/:1.0-SNAPSHOT]
	at edu.scau.common.utils.SendMail$$FastClassBySpringCGLIB$$db5369cd.invoke(<generated>) ~[classes!/:1.0-SNAPSHOT]
	at org.springframework.cglib.proxy.MethodProxy.invoke(MethodProxy.java:218) ~[spring-core-5.1.8.RELEASE.jar!/:5.1.8.RELEASE]
	at org.springframework.aop.framework.CglibAopProxy$CglibMethodInvocation.invokeJoinpoint(CglibAopProxy.java:749) ~[spring-aop-5.1.8.RELEASE.jar!/:5.1.8.RELEASE]
	at org.springframework.aop.framework.ReflectiveMethodInvocation.proceed(ReflectiveMethodInvocation.java:163) ~[spring-aop-5.1.8.RELEASE.jar!/:5.1.8.RELEASE]
	at org.springframework.aop.interceptor.AsyncExecutionInterceptor.lambda$invoke$0(AsyncExecutionInterceptor.java:115) ~[spring-aop-5.1.8.RELEASE.jar!/:5.1.8.RELEASE]
	at java.util.concurrent.FutureTask.run(FutureTask.java:266) ~[na:1.8.0_252]
	at java.util.concurrent.ThreadPoolExecutor.runWorker(ThreadPoolExecutor.java:1149) ~[na:1.8.0_252]
	at java.util.concurrent.ThreadPoolExecutor$Worker.run(ThreadPoolExecutor.java:624) ~[na:1.8.0_252]
	at java.lang.Thread.run(Thread.java:748) ~[na:1.8.0_252]
Caused by: javax.mail.MessagingException: Could not connect to SMTP host: smtp.163.com, port: 465, response: -1
	at com.sun.mail.smtp.SMTPTransport.openServer(SMTPTransport.java:2197) ~[javax.mail-1.6.2.jar!/:1.6.2]
	at com.sun.mail.smtp.SMTPTransport.protocolConnect(SMTPTransport.java:740) ~[javax.mail-1.6.2.jar!/:1.6.2]
	at javax.mail.Service.connect(Service.java:366) ~[javax.mail-1.6.2.jar!/:1.6.2]
	at org.springframework.mail.javamail.JavaMailSenderImpl.connectTransport(JavaMailSenderImpl.java:517) ~[spring-context-support-5.1.8.RELEASE.jar!/:5.1.8.RELEASE]
	at org.springframework.mail.javamail.JavaMailSenderImpl.doSend(JavaMailSenderImpl.java:436) ~[spring-context-support-5.1.8.RELEASE.jar!/:5.1.8.RELEASE]
	... 12 common frames omitted

2020-08-13 22:57:04.478 ERROR 14296 --- [   DailyAsync-2] .a.i.SimpleAsyncUncaughtExceptionHandler : Unexpected exception occurred invoking async method: public void edu.scau.common.utils.SendMail.sendMail(java.util.List,java.lang.String) throws javax.mail.MessagingException,java.io.IOException

org.springframework.mail.MailSendException: Mail server connection failed; nested exception is javax.mail.MessagingException: Could not connect to SMTP host: smtp.163.com, port: 465, response: -1. Failed messages: javax.mail.MessagingException: Could not connect to SMTP host: smtp.163.com, port: 465, response: -1
	at org.springframework.mail.javamail.JavaMailSenderImpl.doSend(JavaMailSenderImpl.java:447) ~[spring-context-support-5.1.8.RELEASE.jar!/:5.1.8.RELEASE]
	at org.springframework.mail.javamail.JavaMailSenderImpl.send(JavaMailSenderImpl.java:360) ~[spring-context-support-5.1.8.RELEASE.jar!/:5.1.8.RELEASE]
	at org.springframework.mail.javamail.JavaMailSenderImpl.send(JavaMailSenderImpl.java:355) ~[spring-context-support-5.1.8.RELEASE.jar!/:5.1.8.RELEASE]
	at edu.scau.common.utils.SendMail.sendMail(SendMail.java:57) ~[classes!/:1.0-SNAPSHOT]
	at edu.scau.common.utils.SendMail$$FastClassBySpringCGLIB$$db5369cd.invoke(<generated>) ~[classes!/:1.0-SNAPSHOT]
	at org.springframework.cglib.proxy.MethodProxy.invoke(MethodProxy.java:218) ~[spring-core-5.1.8.RELEASE.jar!/:5.1.8.RELEASE]
	at org.springframework.aop.framework.CglibAopProxy$CglibMethodInvocation.invokeJoinpoint(CglibAopProxy.java:749) ~[spring-aop-5.1.8.RELEASE.jar!/:5.1.8.RELEASE]
	at org.springframework.aop.framework.ReflectiveMethodInvocation.proceed(ReflectiveMethodInvocation.java:163) ~[spring-aop-5.1.8.RELEASE.jar!/:5.1.8.RELEASE]
	at org.springframework.aop.interceptor.AsyncExecutionInterceptor.lambda$invoke$0(AsyncExecutionInterceptor.java:115) ~[spring-aop-5.1.8.RELEASE.jar!/:5.1.8.RELEASE]
	at java.util.concurrent.FutureTask.run(FutureTask.java:266) ~[na:1.8.0_252]
	at java.util.concurrent.ThreadPoolExecutor.runWorker(ThreadPoolExecutor.java:1149) ~[na:1.8.0_252]
	at java.util.concurrent.ThreadPoolExecutor$Worker.run(ThreadPoolExecutor.java:624) ~[na:1.8.0_252]
	at java.lang.Thread.run(Thread.java:748) ~[na:1.8.0_252]
Caused by: javax.mail.MessagingException: Could not connect to SMTP host: smtp.163.com, port: 465, response: -1
	at com.sun.mail.smtp.SMTPTransport.openServer(SMTPTransport.java:2197) ~[javax.mail-1.6.2.jar!/:1.6.2]
	at com.sun.mail.smtp.SMTPTransport.protocolConnect(SMTPTransport.java:740) ~[javax.mail-1.6.2.jar!/:1.6.2]
	at javax.mail.Service.connect(Service.java:366) ~[javax.mail-1.6.2.jar!/:1.6.2]
	at org.springframework.mail.javamail.JavaMailSenderImpl.connectTransport(JavaMailSenderImpl.java:517) ~[spring-context-support-5.1.8.RELEASE.jar!/:5.1.8.RELEASE]
	at org.springframework.mail.javamail.JavaMailSenderImpl.doSend(JavaMailSenderImpl.java:436) ~[spring-context-support-5.1.8.RELEASE.jar!/:5.1.8.RELEASE]
	... 12 common frames omitted

